<?xml version="1.0" encoding="UTF-8"?>
<!-- Generated by org.testng.reporters.JUnitXMLReporter -->
<testsuite hostname="Auntors-MacBook-Air.local" ignored="0" name="Sanity Test" tests="68" failures="68" timestamp="2023-03-17T18:52:06 BDT" time="29.046" errors="0">
  <testcase name="addNewAccountUsingValidData" time="8.69" classname="com.guru99BankingDemo.testCases.AccountModuleTest">
    <failure type="org.openqa.selenium.NoSuchElementException" message="Unable to locate element: //a[text()=&amp;apos;New Account&amp;apos;]
For documentation on this error, please visit: https://selenium.dev/exceptions/#no_such_element
Build info: version: &amp;apos;4.8.1&amp;apos;, revision: &amp;apos;8ebccac989&amp;apos;
System info: os.name: &amp;apos;Mac OS X&amp;apos;, os.arch: &amp;apos;x86_64&amp;apos;, os.version: &amp;apos;12.6.1&amp;apos;, java.version: &amp;apos;1.8.0_361&amp;apos;
Driver info: org.openqa.selenium.firefox.FirefoxDriver
Command: [a3107156-59ee-4815-b734-1bd9e528c5fd, findElement {using=xpath, value=//a[text()=&amp;apos;New Account&amp;apos;]}]
Capabilities {acceptInsecureCerts: true, browserName: firefox, browserVersion: 106.0.1, moz:accessibilityChecks: false, moz:buildID: 20221019185550, moz:debuggerAddress: 127.0.0.1:44506, moz:geckodriverVersion: 0.32.2, moz:headless: false, moz:platformVersion: 21.6.0, moz:processID: 3258, moz:profile: /var/folders/7q/cpv7f9x12_5..., moz:shutdownTimeout: 60000, moz:useNonSpecCompliantPointerOrigin: false, moz:webdriverClick: true, moz:windowless: false, pageLoadStrategy: normal, platformName: MAC, proxy: Proxy(), se:cdp: ws://127.0.0.1:44506/devtoo..., se:cdpVersion: 85.0, setWindowRect: true, strictFileInteractability: false, timeouts: {implicit: 0, pageLoad: 300000, script: 30000}, unhandledPromptBehavior: dismiss and notify}
Session ID: a3107156-59ee-4815-b734-1bd9e528c5fd">
      <![CDATA[org.openqa.selenium.NoSuchElementException: Unable to locate element: //a[text()='New Account']
For documentation on this error, please visit: https://selenium.dev/exceptions/#no_such_element
Build info: version: '4.8.1', revision: '8ebccac989'
System info: os.name: 'Mac OS X', os.arch: 'x86_64', os.version: '12.6.1', java.version: '1.8.0_361'
Driver info: org.openqa.selenium.firefox.FirefoxDriver
Command: [a3107156-59ee-4815-b734-1bd9e528c5fd, findElement {using=xpath, value=//a[text()='New Account']}]
Capabilities {acceptInsecureCerts: true, browserName: firefox, browserVersion: 106.0.1, moz:accessibilityChecks: false, moz:buildID: 20221019185550, moz:debuggerAddress: 127.0.0.1:44506, moz:geckodriverVersion: 0.32.2, moz:headless: false, moz:platformVersion: 21.6.0, moz:processID: 3258, moz:profile: /var/folders/7q/cpv7f9x12_5..., moz:shutdownTimeout: 60000, moz:useNonSpecCompliantPointerOrigin: false, moz:webdriverClick: true, moz:windowless: false, pageLoadStrategy: normal, platformName: MAC, proxy: Proxy(), se:cdp: ws://127.0.0.1:44506/devtoo..., se:cdpVersion: 85.0, setWindowRect: true, strictFileInteractability: false, timeouts: {implicit: 0, pageLoad: 300000, script: 30000}, unhandledPromptBehavior: dismiss and notify}
Session ID: a3107156-59ee-4815-b734-1bd9e528c5fd
at org.openqa.selenium.remote.codec.w3c.W3CHttpResponseCodec.createException(W3CHttpResponseCodec.java:200)
at org.openqa.selenium.remote.codec.w3c.W3CHttpResponseCodec.decode(W3CHttpResponseCodec.java:133)
at org.openqa.selenium.remote.codec.w3c.W3CHttpResponseCodec.decode(W3CHttpResponseCodec.java:53)
at org.openqa.selenium.remote.HttpCommandExecutor.execute(HttpCommandExecutor.java:184)
at org.openqa.selenium.remote.service.DriverCommandExecutor.invokeExecute(DriverCommandExecutor.java:167)
at org.openqa.selenium.remote.service.DriverCommandExecutor.execute(DriverCommandExecutor.java:142)
at org.openqa.selenium.remote.RemoteWebDriver.execute(RemoteWebDriver.java:543)
at org.openqa.selenium.remote.ElementLocation$ElementFinder$2.findElement(ElementLocation.java:162)
at org.openqa.selenium.remote.ElementLocation.findElement(ElementLocation.java:60)
at org.openqa.selenium.remote.RemoteWebDriver.findElement(RemoteWebDriver.java:352)
at org.openqa.selenium.remote.RemoteWebDriver.findElement(RemoteWebDriver.java:344)
at org.openqa.selenium.support.pagefactory.DefaultElementLocator.findElement(DefaultElementLocator.java:70)
at org.openqa.selenium.support.pagefactory.internal.LocatingElementHandler.invoke(LocatingElementHandler.java:39)
at com.sun.proxy.$Proxy16.click(Unknown Source)
at com.guru99BankingDemo.pageObjects.AccountOptionsPage.newAccountOption(AccountOptionsPage.java:74)
at com.guru99BankingDemo.pageObjects.NewAccountPage.addNewAccount(NewAccountPage.java:37)
at com.guru99BankingDemo.testCases.AccountModuleTest.addNewAccountUsingValidData(AccountModuleTest.java:56)
at java.util.ArrayList.forEach(ArrayList.java:1259)
... Removed 31 stack frames]]>
    </failure>
  </testcase> <!-- addNewAccountUsingValidData -->
  <testcase name="resetAddNewAccountForm" time="0.01" classname="com.guru99BankingDemo.testCases.AccountModuleTest">
    <failure type="org.openqa.selenium.NoSuchSessionException" message="Session ID is null. Using WebDriver after calling quit()?
Build info: version: &amp;apos;4.8.1&amp;apos;, revision: &amp;apos;8ebccac989&amp;apos;
System info: os.name: &amp;apos;Mac OS X&amp;apos;, os.arch: &amp;apos;x86_64&amp;apos;, os.version: &amp;apos;12.6.1&amp;apos;, java.version: &amp;apos;1.8.0_361&amp;apos;
Driver info: org.openqa.selenium.firefox.FirefoxDriver
Command: [null, get {url=http://demo.guru99.com/v4/}]
Capabilities {acceptInsecureCerts: true, browserName: firefox, browserVersion: 106.0.1, moz:accessibilityChecks: false, moz:buildID: 20221019185550, moz:debuggerAddress: 127.0.0.1:44506, moz:geckodriverVersion: 0.32.2, moz:headless: false, moz:platformVersion: 21.6.0, moz:processID: 3258, moz:profile: /var/folders/7q/cpv7f9x12_5..., moz:shutdownTimeout: 60000, moz:useNonSpecCompliantPointerOrigin: false, moz:webdriverClick: true, moz:windowless: false, pageLoadStrategy: normal, platformName: MAC, proxy: Proxy(), se:cdp: ws://127.0.0.1:44506/devtoo..., se:cdpVersion: 85.0, setWindowRect: true, strictFileInteractability: false, timeouts: {implicit: 0, pageLoad: 300000, script: 30000}, unhandledPromptBehavior: dismiss and notify}">
      <![CDATA[org.openqa.selenium.NoSuchSessionException: Session ID is null. Using WebDriver after calling quit()?
Build info: version: '4.8.1', revision: '8ebccac989'
System info: os.name: 'Mac OS X', os.arch: 'x86_64', os.version: '12.6.1', java.version: '1.8.0_361'
Driver info: org.openqa.selenium.firefox.FirefoxDriver
Command: [null, get {url=http://demo.guru99.com/v4/}]
Capabilities {acceptInsecureCerts: true, browserName: firefox, browserVersion: 106.0.1, moz:accessibilityChecks: false, moz:buildID: 20221019185550, moz:debuggerAddress: 127.0.0.1:44506, moz:geckodriverVersion: 0.32.2, moz:headless: false, moz:platformVersion: 21.6.0, moz:processID: 3258, moz:profile: /var/folders/7q/cpv7f9x12_5..., moz:shutdownTimeout: 60000, moz:useNonSpecCompliantPointerOrigin: false, moz:webdriverClick: true, moz:windowless: false, pageLoadStrategy: normal, platformName: MAC, proxy: Proxy(), se:cdp: ws://127.0.0.1:44506/devtoo..., se:cdpVersion: 85.0, setWindowRect: true, strictFileInteractability: false, timeouts: {implicit: 0, pageLoad: 300000, script: 30000}, unhandledPromptBehavior: dismiss and notify}
at org.openqa.selenium.remote.HttpCommandExecutor.execute(HttpCommandExecutor.java:145)
at org.openqa.selenium.remote.service.DriverCommandExecutor.invokeExecute(DriverCommandExecutor.java:167)
at org.openqa.selenium.remote.service.DriverCommandExecutor.execute(DriverCommandExecutor.java:142)
at org.openqa.selenium.remote.RemoteWebDriver.execute(RemoteWebDriver.java:543)
at org.openqa.selenium.remote.RemoteWebDriver.get(RemoteWebDriver.java:297)
at com.guru99BankingDemo.testCases.BaseClass.loginToTheApplication(BaseClass.java:113)
at com.guru99BankingDemo.testCases.AccountModuleTest.resetAddNewAccountForm(AccountModuleTest.java:78)
at java.util.ArrayList.forEach(ArrayList.java:1259)
... Removed 27 stack frames]]>
    </failure>
  </testcase> <!-- resetAddNewAccountForm -->
  <testcase name="checkSavingsSelected" time="0.007" classname="com.guru99BankingDemo.testCases.AccountModuleTest">
    <failure type="org.openqa.selenium.NoSuchSessionException" message="Session ID is null. Using WebDriver after calling quit()?
Build info: version: &amp;apos;4.8.1&amp;apos;, revision: &amp;apos;8ebccac989&amp;apos;
System info: os.name: &amp;apos;Mac OS X&amp;apos;, os.arch: &amp;apos;x86_64&amp;apos;, os.version: &amp;apos;12.6.1&amp;apos;, java.version: &amp;apos;1.8.0_361&amp;apos;
Driver info: org.openqa.selenium.firefox.FirefoxDriver
Command: [null, get {url=http://demo.guru99.com/v4/}]
Capabilities {acceptInsecureCerts: true, browserName: firefox, browserVersion: 106.0.1, moz:accessibilityChecks: false, moz:buildID: 20221019185550, moz:debuggerAddress: 127.0.0.1:44506, moz:geckodriverVersion: 0.32.2, moz:headless: false, moz:platformVersion: 21.6.0, moz:processID: 3258, moz:profile: /var/folders/7q/cpv7f9x12_5..., moz:shutdownTimeout: 60000, moz:useNonSpecCompliantPointerOrigin: false, moz:webdriverClick: true, moz:windowless: false, pageLoadStrategy: normal, platformName: MAC, proxy: Proxy(), se:cdp: ws://127.0.0.1:44506/devtoo..., se:cdpVersion: 85.0, setWindowRect: true, strictFileInteractability: false, timeouts: {implicit: 0, pageLoad: 300000, script: 30000}, unhandledPromptBehavior: dismiss and notify}">
      <![CDATA[org.openqa.selenium.NoSuchSessionException: Session ID is null. Using WebDriver after calling quit()?
Build info: version: '4.8.1', revision: '8ebccac989'
System info: os.name: 'Mac OS X', os.arch: 'x86_64', os.version: '12.6.1', java.version: '1.8.0_361'
Driver info: org.openqa.selenium.firefox.FirefoxDriver
Command: [null, get {url=http://demo.guru99.com/v4/}]
Capabilities {acceptInsecureCerts: true, browserName: firefox, browserVersion: 106.0.1, moz:accessibilityChecks: false, moz:buildID: 20221019185550, moz:debuggerAddress: 127.0.0.1:44506, moz:geckodriverVersion: 0.32.2, moz:headless: false, moz:platformVersion: 21.6.0, moz:processID: 3258, moz:profile: /var/folders/7q/cpv7f9x12_5..., moz:shutdownTimeout: 60000, moz:useNonSpecCompliantPointerOrigin: false, moz:webdriverClick: true, moz:windowless: false, pageLoadStrategy: normal, platformName: MAC, proxy: Proxy(), se:cdp: ws://127.0.0.1:44506/devtoo..., se:cdpVersion: 85.0, setWindowRect: true, strictFileInteractability: false, timeouts: {implicit: 0, pageLoad: 300000, script: 30000}, unhandledPromptBehavior: dismiss and notify}
at org.openqa.selenium.remote.HttpCommandExecutor.execute(HttpCommandExecutor.java:145)
at org.openqa.selenium.remote.service.DriverCommandExecutor.invokeExecute(DriverCommandExecutor.java:167)
at org.openqa.selenium.remote.service.DriverCommandExecutor.execute(DriverCommandExecutor.java:142)
at org.openqa.selenium.remote.RemoteWebDriver.execute(RemoteWebDriver.java:543)
at org.openqa.selenium.remote.RemoteWebDriver.get(RemoteWebDriver.java:297)
at com.guru99BankingDemo.testCases.BaseClass.loginToTheApplication(BaseClass.java:113)
at com.guru99BankingDemo.testCases.AccountModuleTest.checkSavingsSelected(AccountModuleTest.java:98)
at java.util.ArrayList.forEach(ArrayList.java:1259)
... Removed 27 stack frames]]>
    </failure>
  </testcase> <!-- checkSavingsSelected -->
  <testcase name="addNewAccountUsingInvalidData" time="0.016" classname="com.guru99BankingDemo.testCases.AccountModuleTest">
    <failure type="org.openqa.selenium.NoSuchSessionException" message="Session ID is null. Using WebDriver after calling quit()?
Build info: version: &amp;apos;4.8.1&amp;apos;, revision: &amp;apos;8ebccac989&amp;apos;
System info: os.name: &amp;apos;Mac OS X&amp;apos;, os.arch: &amp;apos;x86_64&amp;apos;, os.version: &amp;apos;12.6.1&amp;apos;, java.version: &amp;apos;1.8.0_361&amp;apos;
Driver info: org.openqa.selenium.firefox.FirefoxDriver
Command: [null, get {url=http://demo.guru99.com/v4/}]
Capabilities {acceptInsecureCerts: true, browserName: firefox, browserVersion: 106.0.1, moz:accessibilityChecks: false, moz:buildID: 20221019185550, moz:debuggerAddress: 127.0.0.1:44506, moz:geckodriverVersion: 0.32.2, moz:headless: false, moz:platformVersion: 21.6.0, moz:processID: 3258, moz:profile: /var/folders/7q/cpv7f9x12_5..., moz:shutdownTimeout: 60000, moz:useNonSpecCompliantPointerOrigin: false, moz:webdriverClick: true, moz:windowless: false, pageLoadStrategy: normal, platformName: MAC, proxy: Proxy(), se:cdp: ws://127.0.0.1:44506/devtoo..., se:cdpVersion: 85.0, setWindowRect: true, strictFileInteractability: false, timeouts: {implicit: 0, pageLoad: 300000, script: 30000}, unhandledPromptBehavior: dismiss and notify}">
      <![CDATA[org.openqa.selenium.NoSuchSessionException: Session ID is null. Using WebDriver after calling quit()?
Build info: version: '4.8.1', revision: '8ebccac989'
System info: os.name: 'Mac OS X', os.arch: 'x86_64', os.version: '12.6.1', java.version: '1.8.0_361'
Driver info: org.openqa.selenium.firefox.FirefoxDriver
Command: [null, get {url=http://demo.guru99.com/v4/}]
Capabilities {acceptInsecureCerts: true, browserName: firefox, browserVersion: 106.0.1, moz:accessibilityChecks: false, moz:buildID: 20221019185550, moz:debuggerAddress: 127.0.0.1:44506, moz:geckodriverVersion: 0.32.2, moz:headless: false, moz:platformVersion: 21.6.0, moz:processID: 3258, moz:profile: /var/folders/7q/cpv7f9x12_5..., moz:shutdownTimeout: 60000, moz:useNonSpecCompliantPointerOrigin: false, moz:webdriverClick: true, moz:windowless: false, pageLoadStrategy: normal, platformName: MAC, proxy: Proxy(), se:cdp: ws://127.0.0.1:44506/devtoo..., se:cdpVersion: 85.0, setWindowRect: true, strictFileInteractability: false, timeouts: {implicit: 0, pageLoad: 300000, script: 30000}, unhandledPromptBehavior: dismiss and notify}
at org.openqa.selenium.remote.HttpCommandExecutor.execute(HttpCommandExecutor.java:145)
at org.openqa.selenium.remote.service.DriverCommandExecutor.invokeExecute(DriverCommandExecutor.java:167)
at org.openqa.selenium.remote.service.DriverCommandExecutor.execute(DriverCommandExecutor.java:142)
at org.openqa.selenium.remote.RemoteWebDriver.execute(RemoteWebDriver.java:543)
at org.openqa.selenium.remote.RemoteWebDriver.get(RemoteWebDriver.java:297)
at com.guru99BankingDemo.testCases.BaseClass.loginToTheApplication(BaseClass.java:113)
at com.guru99BankingDemo.testCases.AccountModuleTest.addNewAccountUsingInvalidData(AccountModuleTest.java:117)
at java.util.ArrayList.forEach(ArrayList.java:1259)
... Removed 27 stack frames]]>
    </failure>
  </testcase> <!-- addNewAccountUsingInvalidData -->
  <testcase name="addNewAccountUsingInvalidData" time="0.006" classname="com.guru99BankingDemo.testCases.AccountModuleTest">
    <failure type="org.openqa.selenium.NoSuchSessionException" message="Session ID is null. Using WebDriver after calling quit()?
Build info: version: &amp;apos;4.8.1&amp;apos;, revision: &amp;apos;8ebccac989&amp;apos;
System info: os.name: &amp;apos;Mac OS X&amp;apos;, os.arch: &amp;apos;x86_64&amp;apos;, os.version: &amp;apos;12.6.1&amp;apos;, java.version: &amp;apos;1.8.0_361&amp;apos;
Driver info: org.openqa.selenium.firefox.FirefoxDriver
Command: [null, get {url=http://demo.guru99.com/v4/}]
Capabilities {acceptInsecureCerts: true, browserName: firefox, browserVersion: 106.0.1, moz:accessibilityChecks: false, moz:buildID: 20221019185550, moz:debuggerAddress: 127.0.0.1:44506, moz:geckodriverVersion: 0.32.2, moz:headless: false, moz:platformVersion: 21.6.0, moz:processID: 3258, moz:profile: /var/folders/7q/cpv7f9x12_5..., moz:shutdownTimeout: 60000, moz:useNonSpecCompliantPointerOrigin: false, moz:webdriverClick: true, moz:windowless: false, pageLoadStrategy: normal, platformName: MAC, proxy: Proxy(), se:cdp: ws://127.0.0.1:44506/devtoo..., se:cdpVersion: 85.0, setWindowRect: true, strictFileInteractability: false, timeouts: {implicit: 0, pageLoad: 300000, script: 30000}, unhandledPromptBehavior: dismiss and notify}">
      <![CDATA[org.openqa.selenium.NoSuchSessionException: Session ID is null. Using WebDriver after calling quit()?
Build info: version: '4.8.1', revision: '8ebccac989'
System info: os.name: 'Mac OS X', os.arch: 'x86_64', os.version: '12.6.1', java.version: '1.8.0_361'
Driver info: org.openqa.selenium.firefox.FirefoxDriver
Command: [null, get {url=http://demo.guru99.com/v4/}]
Capabilities {acceptInsecureCerts: true, browserName: firefox, browserVersion: 106.0.1, moz:accessibilityChecks: false, moz:buildID: 20221019185550, moz:debuggerAddress: 127.0.0.1:44506, moz:geckodriverVersion: 0.32.2, moz:headless: false, moz:platformVersion: 21.6.0, moz:processID: 3258, moz:profile: /var/folders/7q/cpv7f9x12_5..., moz:shutdownTimeout: 60000, moz:useNonSpecCompliantPointerOrigin: false, moz:webdriverClick: true, moz:windowless: false, pageLoadStrategy: normal, platformName: MAC, proxy: Proxy(), se:cdp: ws://127.0.0.1:44506/devtoo..., se:cdpVersion: 85.0, setWindowRect: true, strictFileInteractability: false, timeouts: {implicit: 0, pageLoad: 300000, script: 30000}, unhandledPromptBehavior: dismiss and notify}
at org.openqa.selenium.remote.HttpCommandExecutor.execute(HttpCommandExecutor.java:145)
at org.openqa.selenium.remote.service.DriverCommandExecutor.invokeExecute(DriverCommandExecutor.java:167)
at org.openqa.selenium.remote.service.DriverCommandExecutor.execute(DriverCommandExecutor.java:142)
at org.openqa.selenium.remote.RemoteWebDriver.execute(RemoteWebDriver.java:543)
at org.openqa.selenium.remote.RemoteWebDriver.get(RemoteWebDriver.java:297)
at com.guru99BankingDemo.testCases.BaseClass.loginToTheApplication(BaseClass.java:113)
at com.guru99BankingDemo.testCases.AccountModuleTest.addNewAccountUsingInvalidData(AccountModuleTest.java:117)
at java.util.ArrayList.forEach(ArrayList.java:1259)
... Removed 27 stack frames]]>
    </failure>
  </testcase> <!-- addNewAccountUsingInvalidData -->
  <testcase name="addNewAccountUsingInvalidData" time="0.008" classname="com.guru99BankingDemo.testCases.AccountModuleTest">
    <failure type="org.openqa.selenium.NoSuchSessionException" message="Session ID is null. Using WebDriver after calling quit()?
Build info: version: &amp;apos;4.8.1&amp;apos;, revision: &amp;apos;8ebccac989&amp;apos;
System info: os.name: &amp;apos;Mac OS X&amp;apos;, os.arch: &amp;apos;x86_64&amp;apos;, os.version: &amp;apos;12.6.1&amp;apos;, java.version: &amp;apos;1.8.0_361&amp;apos;
Driver info: org.openqa.selenium.firefox.FirefoxDriver
Command: [null, get {url=http://demo.guru99.com/v4/}]
Capabilities {acceptInsecureCerts: true, browserName: firefox, browserVersion: 106.0.1, moz:accessibilityChecks: false, moz:buildID: 20221019185550, moz:debuggerAddress: 127.0.0.1:44506, moz:geckodriverVersion: 0.32.2, moz:headless: false, moz:platformVersion: 21.6.0, moz:processID: 3258, moz:profile: /var/folders/7q/cpv7f9x12_5..., moz:shutdownTimeout: 60000, moz:useNonSpecCompliantPointerOrigin: false, moz:webdriverClick: true, moz:windowless: false, pageLoadStrategy: normal, platformName: MAC, proxy: Proxy(), se:cdp: ws://127.0.0.1:44506/devtoo..., se:cdpVersion: 85.0, setWindowRect: true, strictFileInteractability: false, timeouts: {implicit: 0, pageLoad: 300000, script: 30000}, unhandledPromptBehavior: dismiss and notify}">
      <![CDATA[org.openqa.selenium.NoSuchSessionException: Session ID is null. Using WebDriver after calling quit()?
Build info: version: '4.8.1', revision: '8ebccac989'
System info: os.name: 'Mac OS X', os.arch: 'x86_64', os.version: '12.6.1', java.version: '1.8.0_361'
Driver info: org.openqa.selenium.firefox.FirefoxDriver
Command: [null, get {url=http://demo.guru99.com/v4/}]
Capabilities {acceptInsecureCerts: true, browserName: firefox, browserVersion: 106.0.1, moz:accessibilityChecks: false, moz:buildID: 20221019185550, moz:debuggerAddress: 127.0.0.1:44506, moz:geckodriverVersion: 0.32.2, moz:headless: false, moz:platformVersion: 21.6.0, moz:processID: 3258, moz:profile: /var/folders/7q/cpv7f9x12_5..., moz:shutdownTimeout: 60000, moz:useNonSpecCompliantPointerOrigin: false, moz:webdriverClick: true, moz:windowless: false, pageLoadStrategy: normal, platformName: MAC, proxy: Proxy(), se:cdp: ws://127.0.0.1:44506/devtoo..., se:cdpVersion: 85.0, setWindowRect: true, strictFileInteractability: false, timeouts: {implicit: 0, pageLoad: 300000, script: 30000}, unhandledPromptBehavior: dismiss and notify}
at org.openqa.selenium.remote.HttpCommandExecutor.execute(HttpCommandExecutor.java:145)
at org.openqa.selenium.remote.service.DriverCommandExecutor.invokeExecute(DriverCommandExecutor.java:167)
at org.openqa.selenium.remote.service.DriverCommandExecutor.execute(DriverCommandExecutor.java:142)
at org.openqa.selenium.remote.RemoteWebDriver.execute(RemoteWebDriver.java:543)
at org.openqa.selenium.remote.RemoteWebDriver.get(RemoteWebDriver.java:297)
at com.guru99BankingDemo.testCases.BaseClass.loginToTheApplication(BaseClass.java:113)
at com.guru99BankingDemo.testCases.AccountModuleTest.addNewAccountUsingInvalidData(AccountModuleTest.java:117)
at java.util.ArrayList.forEach(ArrayList.java:1259)
... Removed 27 stack frames]]>
    </failure>
  </testcase> <!-- addNewAccountUsingInvalidData -->
  <testcase name="addNewAccountUsingInvalidData" time="0.01" classname="com.guru99BankingDemo.testCases.AccountModuleTest">
    <failure type="org.openqa.selenium.NoSuchSessionException" message="Session ID is null. Using WebDriver after calling quit()?
Build info: version: &amp;apos;4.8.1&amp;apos;, revision: &amp;apos;8ebccac989&amp;apos;
System info: os.name: &amp;apos;Mac OS X&amp;apos;, os.arch: &amp;apos;x86_64&amp;apos;, os.version: &amp;apos;12.6.1&amp;apos;, java.version: &amp;apos;1.8.0_361&amp;apos;
Driver info: org.openqa.selenium.firefox.FirefoxDriver
Command: [null, get {url=http://demo.guru99.com/v4/}]
Capabilities {acceptInsecureCerts: true, browserName: firefox, browserVersion: 106.0.1, moz:accessibilityChecks: false, moz:buildID: 20221019185550, moz:debuggerAddress: 127.0.0.1:44506, moz:geckodriverVersion: 0.32.2, moz:headless: false, moz:platformVersion: 21.6.0, moz:processID: 3258, moz:profile: /var/folders/7q/cpv7f9x12_5..., moz:shutdownTimeout: 60000, moz:useNonSpecCompliantPointerOrigin: false, moz:webdriverClick: true, moz:windowless: false, pageLoadStrategy: normal, platformName: MAC, proxy: Proxy(), se:cdp: ws://127.0.0.1:44506/devtoo..., se:cdpVersion: 85.0, setWindowRect: true, strictFileInteractability: false, timeouts: {implicit: 0, pageLoad: 300000, script: 30000}, unhandledPromptBehavior: dismiss and notify}">
      <![CDATA[org.openqa.selenium.NoSuchSessionException: Session ID is null. Using WebDriver after calling quit()?
Build info: version: '4.8.1', revision: '8ebccac989'
System info: os.name: 'Mac OS X', os.arch: 'x86_64', os.version: '12.6.1', java.version: '1.8.0_361'
Driver info: org.openqa.selenium.firefox.FirefoxDriver
Command: [null, get {url=http://demo.guru99.com/v4/}]
Capabilities {acceptInsecureCerts: true, browserName: firefox, browserVersion: 106.0.1, moz:accessibilityChecks: false, moz:buildID: 20221019185550, moz:debuggerAddress: 127.0.0.1:44506, moz:geckodriverVersion: 0.32.2, moz:headless: false, moz:platformVersion: 21.6.0, moz:processID: 3258, moz:profile: /var/folders/7q/cpv7f9x12_5..., moz:shutdownTimeout: 60000, moz:useNonSpecCompliantPointerOrigin: false, moz:webdriverClick: true, moz:windowless: false, pageLoadStrategy: normal, platformName: MAC, proxy: Proxy(), se:cdp: ws://127.0.0.1:44506/devtoo..., se:cdpVersion: 85.0, setWindowRect: true, strictFileInteractability: false, timeouts: {implicit: 0, pageLoad: 300000, script: 30000}, unhandledPromptBehavior: dismiss and notify}
at org.openqa.selenium.remote.HttpCommandExecutor.execute(HttpCommandExecutor.java:145)
at org.openqa.selenium.remote.service.DriverCommandExecutor.invokeExecute(DriverCommandExecutor.java:167)
at org.openqa.selenium.remote.service.DriverCommandExecutor.execute(DriverCommandExecutor.java:142)
at org.openqa.selenium.remote.RemoteWebDriver.execute(RemoteWebDriver.java:543)
at org.openqa.selenium.remote.RemoteWebDriver.get(RemoteWebDriver.java:297)
at com.guru99BankingDemo.testCases.BaseClass.loginToTheApplication(BaseClass.java:113)
at com.guru99BankingDemo.testCases.AccountModuleTest.addNewAccountUsingInvalidData(AccountModuleTest.java:117)
at java.util.ArrayList.forEach(ArrayList.java:1259)
... Removed 27 stack frames]]>
    </failure>
  </testcase> <!-- addNewAccountUsingInvalidData -->
  <testcase name="addNewAccountUsingInvalidData" time="0.004" classname="com.guru99BankingDemo.testCases.AccountModuleTest">
    <failure type="org.openqa.selenium.NoSuchSessionException" message="Session ID is null. Using WebDriver after calling quit()?
Build info: version: &amp;apos;4.8.1&amp;apos;, revision: &amp;apos;8ebccac989&amp;apos;
System info: os.name: &amp;apos;Mac OS X&amp;apos;, os.arch: &amp;apos;x86_64&amp;apos;, os.version: &amp;apos;12.6.1&amp;apos;, java.version: &amp;apos;1.8.0_361&amp;apos;
Driver info: org.openqa.selenium.firefox.FirefoxDriver
Command: [null, get {url=http://demo.guru99.com/v4/}]
Capabilities {acceptInsecureCerts: true, browserName: firefox, browserVersion: 106.0.1, moz:accessibilityChecks: false, moz:buildID: 20221019185550, moz:debuggerAddress: 127.0.0.1:44506, moz:geckodriverVersion: 0.32.2, moz:headless: false, moz:platformVersion: 21.6.0, moz:processID: 3258, moz:profile: /var/folders/7q/cpv7f9x12_5..., moz:shutdownTimeout: 60000, moz:useNonSpecCompliantPointerOrigin: false, moz:webdriverClick: true, moz:windowless: false, pageLoadStrategy: normal, platformName: MAC, proxy: Proxy(), se:cdp: ws://127.0.0.1:44506/devtoo..., se:cdpVersion: 85.0, setWindowRect: true, strictFileInteractability: false, timeouts: {implicit: 0, pageLoad: 300000, script: 30000}, unhandledPromptBehavior: dismiss and notify}">
      <![CDATA[org.openqa.selenium.NoSuchSessionException: Session ID is null. Using WebDriver after calling quit()?
Build info: version: '4.8.1', revision: '8ebccac989'
System info: os.name: 'Mac OS X', os.arch: 'x86_64', os.version: '12.6.1', java.version: '1.8.0_361'
Driver info: org.openqa.selenium.firefox.FirefoxDriver
Command: [null, get {url=http://demo.guru99.com/v4/}]
Capabilities {acceptInsecureCerts: true, browserName: firefox, browserVersion: 106.0.1, moz:accessibilityChecks: false, moz:buildID: 20221019185550, moz:debuggerAddress: 127.0.0.1:44506, moz:geckodriverVersion: 0.32.2, moz:headless: false, moz:platformVersion: 21.6.0, moz:processID: 3258, moz:profile: /var/folders/7q/cpv7f9x12_5..., moz:shutdownTimeout: 60000, moz:useNonSpecCompliantPointerOrigin: false, moz:webdriverClick: true, moz:windowless: false, pageLoadStrategy: normal, platformName: MAC, proxy: Proxy(), se:cdp: ws://127.0.0.1:44506/devtoo..., se:cdpVersion: 85.0, setWindowRect: true, strictFileInteractability: false, timeouts: {implicit: 0, pageLoad: 300000, script: 30000}, unhandledPromptBehavior: dismiss and notify}
at org.openqa.selenium.remote.HttpCommandExecutor.execute(HttpCommandExecutor.java:145)
at org.openqa.selenium.remote.service.DriverCommandExecutor.invokeExecute(DriverCommandExecutor.java:167)
at org.openqa.selenium.remote.service.DriverCommandExecutor.execute(DriverCommandExecutor.java:142)
at org.openqa.selenium.remote.RemoteWebDriver.execute(RemoteWebDriver.java:543)
at org.openqa.selenium.remote.RemoteWebDriver.get(RemoteWebDriver.java:297)
at com.guru99BankingDemo.testCases.BaseClass.loginToTheApplication(BaseClass.java:113)
at com.guru99BankingDemo.testCases.AccountModuleTest.addNewAccountUsingInvalidData(AccountModuleTest.java:117)
at java.util.ArrayList.forEach(ArrayList.java:1259)
... Removed 27 stack frames]]>
    </failure>
  </testcase> <!-- addNewAccountUsingInvalidData -->
  <testcase name="addNewAccountUsingInvalidData" time="0.005" classname="com.guru99BankingDemo.testCases.AccountModuleTest">
    <failure type="org.openqa.selenium.NoSuchSessionException" message="Session ID is null. Using WebDriver after calling quit()?
Build info: version: &amp;apos;4.8.1&amp;apos;, revision: &amp;apos;8ebccac989&amp;apos;
System info: os.name: &amp;apos;Mac OS X&amp;apos;, os.arch: &amp;apos;x86_64&amp;apos;, os.version: &amp;apos;12.6.1&amp;apos;, java.version: &amp;apos;1.8.0_361&amp;apos;
Driver info: org.openqa.selenium.firefox.FirefoxDriver
Command: [null, get {url=http://demo.guru99.com/v4/}]
Capabilities {acceptInsecureCerts: true, browserName: firefox, browserVersion: 106.0.1, moz:accessibilityChecks: false, moz:buildID: 20221019185550, moz:debuggerAddress: 127.0.0.1:44506, moz:geckodriverVersion: 0.32.2, moz:headless: false, moz:platformVersion: 21.6.0, moz:processID: 3258, moz:profile: /var/folders/7q/cpv7f9x12_5..., moz:shutdownTimeout: 60000, moz:useNonSpecCompliantPointerOrigin: false, moz:webdriverClick: true, moz:windowless: false, pageLoadStrategy: normal, platformName: MAC, proxy: Proxy(), se:cdp: ws://127.0.0.1:44506/devtoo..., se:cdpVersion: 85.0, setWindowRect: true, strictFileInteractability: false, timeouts: {implicit: 0, pageLoad: 300000, script: 30000}, unhandledPromptBehavior: dismiss and notify}">
      <![CDATA[org.openqa.selenium.NoSuchSessionException: Session ID is null. Using WebDriver after calling quit()?
Build info: version: '4.8.1', revision: '8ebccac989'
System info: os.name: 'Mac OS X', os.arch: 'x86_64', os.version: '12.6.1', java.version: '1.8.0_361'
Driver info: org.openqa.selenium.firefox.FirefoxDriver
Command: [null, get {url=http://demo.guru99.com/v4/}]
Capabilities {acceptInsecureCerts: true, browserName: firefox, browserVersion: 106.0.1, moz:accessibilityChecks: false, moz:buildID: 20221019185550, moz:debuggerAddress: 127.0.0.1:44506, moz:geckodriverVersion: 0.32.2, moz:headless: false, moz:platformVersion: 21.6.0, moz:processID: 3258, moz:profile: /var/folders/7q/cpv7f9x12_5..., moz:shutdownTimeout: 60000, moz:useNonSpecCompliantPointerOrigin: false, moz:webdriverClick: true, moz:windowless: false, pageLoadStrategy: normal, platformName: MAC, proxy: Proxy(), se:cdp: ws://127.0.0.1:44506/devtoo..., se:cdpVersion: 85.0, setWindowRect: true, strictFileInteractability: false, timeouts: {implicit: 0, pageLoad: 300000, script: 30000}, unhandledPromptBehavior: dismiss and notify}
at org.openqa.selenium.remote.HttpCommandExecutor.execute(HttpCommandExecutor.java:145)
at org.openqa.selenium.remote.service.DriverCommandExecutor.invokeExecute(DriverCommandExecutor.java:167)
at org.openqa.selenium.remote.service.DriverCommandExecutor.execute(DriverCommandExecutor.java:142)
at org.openqa.selenium.remote.RemoteWebDriver.execute(RemoteWebDriver.java:543)
at org.openqa.selenium.remote.RemoteWebDriver.get(RemoteWebDriver.java:297)
at com.guru99BankingDemo.testCases.BaseClass.loginToTheApplication(BaseClass.java:113)
at com.guru99BankingDemo.testCases.AccountModuleTest.addNewAccountUsingInvalidData(AccountModuleTest.java:117)
at java.util.ArrayList.forEach(ArrayList.java:1259)
... Removed 27 stack frames]]>
    </failure>
  </testcase> <!-- addNewAccountUsingInvalidData -->
  <testcase name="addNewAccountUsingInvalidData" time="0.004" classname="com.guru99BankingDemo.testCases.AccountModuleTest">
    <failure type="org.openqa.selenium.NoSuchSessionException" message="Session ID is null. Using WebDriver after calling quit()?
Build info: version: &amp;apos;4.8.1&amp;apos;, revision: &amp;apos;8ebccac989&amp;apos;
System info: os.name: &amp;apos;Mac OS X&amp;apos;, os.arch: &amp;apos;x86_64&amp;apos;, os.version: &amp;apos;12.6.1&amp;apos;, java.version: &amp;apos;1.8.0_361&amp;apos;
Driver info: org.openqa.selenium.firefox.FirefoxDriver
Command: [null, get {url=http://demo.guru99.com/v4/}]
Capabilities {acceptInsecureCerts: true, browserName: firefox, browserVersion: 106.0.1, moz:accessibilityChecks: false, moz:buildID: 20221019185550, moz:debuggerAddress: 127.0.0.1:44506, moz:geckodriverVersion: 0.32.2, moz:headless: false, moz:platformVersion: 21.6.0, moz:processID: 3258, moz:profile: /var/folders/7q/cpv7f9x12_5..., moz:shutdownTimeout: 60000, moz:useNonSpecCompliantPointerOrigin: false, moz:webdriverClick: true, moz:windowless: false, pageLoadStrategy: normal, platformName: MAC, proxy: Proxy(), se:cdp: ws://127.0.0.1:44506/devtoo..., se:cdpVersion: 85.0, setWindowRect: true, strictFileInteractability: false, timeouts: {implicit: 0, pageLoad: 300000, script: 30000}, unhandledPromptBehavior: dismiss and notify}">
      <![CDATA[org.openqa.selenium.NoSuchSessionException: Session ID is null. Using WebDriver after calling quit()?
Build info: version: '4.8.1', revision: '8ebccac989'
System info: os.name: 'Mac OS X', os.arch: 'x86_64', os.version: '12.6.1', java.version: '1.8.0_361'
Driver info: org.openqa.selenium.firefox.FirefoxDriver
Command: [null, get {url=http://demo.guru99.com/v4/}]
Capabilities {acceptInsecureCerts: true, browserName: firefox, browserVersion: 106.0.1, moz:accessibilityChecks: false, moz:buildID: 20221019185550, moz:debuggerAddress: 127.0.0.1:44506, moz:geckodriverVersion: 0.32.2, moz:headless: false, moz:platformVersion: 21.6.0, moz:processID: 3258, moz:profile: /var/folders/7q/cpv7f9x12_5..., moz:shutdownTimeout: 60000, moz:useNonSpecCompliantPointerOrigin: false, moz:webdriverClick: true, moz:windowless: false, pageLoadStrategy: normal, platformName: MAC, proxy: Proxy(), se:cdp: ws://127.0.0.1:44506/devtoo..., se:cdpVersion: 85.0, setWindowRect: true, strictFileInteractability: false, timeouts: {implicit: 0, pageLoad: 300000, script: 30000}, unhandledPromptBehavior: dismiss and notify}
at org.openqa.selenium.remote.HttpCommandExecutor.execute(HttpCommandExecutor.java:145)
at org.openqa.selenium.remote.service.DriverCommandExecutor.invokeExecute(DriverCommandExecutor.java:167)
at org.openqa.selenium.remote.service.DriverCommandExecutor.execute(DriverCommandExecutor.java:142)
at org.openqa.selenium.remote.RemoteWebDriver.execute(RemoteWebDriver.java:543)
at org.openqa.selenium.remote.RemoteWebDriver.get(RemoteWebDriver.java:297)
at com.guru99BankingDemo.testCases.BaseClass.loginToTheApplication(BaseClass.java:113)
at com.guru99BankingDemo.testCases.AccountModuleTest.addNewAccountUsingInvalidData(AccountModuleTest.java:117)
at java.util.ArrayList.forEach(ArrayList.java:1259)
... Removed 27 stack frames]]>
    </failure>
  </testcase> <!-- addNewAccountUsingInvalidData -->
  <testcase name="editAccountUsingValidAccountNo" time="0.018" classname="com.guru99BankingDemo.testCases.AccountModuleTest">
    <failure type="org.openqa.selenium.NoSuchSessionException" message="Session ID is null. Using WebDriver after calling quit()?
Build info: version: &amp;apos;4.8.1&amp;apos;, revision: &amp;apos;8ebccac989&amp;apos;
System info: os.name: &amp;apos;Mac OS X&amp;apos;, os.arch: &amp;apos;x86_64&amp;apos;, os.version: &amp;apos;12.6.1&amp;apos;, java.version: &amp;apos;1.8.0_361&amp;apos;
Driver info: org.openqa.selenium.firefox.FirefoxDriver
Command: [null, get {url=http://demo.guru99.com/v4/}]
Capabilities {acceptInsecureCerts: true, browserName: firefox, browserVersion: 106.0.1, moz:accessibilityChecks: false, moz:buildID: 20221019185550, moz:debuggerAddress: 127.0.0.1:44506, moz:geckodriverVersion: 0.32.2, moz:headless: false, moz:platformVersion: 21.6.0, moz:processID: 3258, moz:profile: /var/folders/7q/cpv7f9x12_5..., moz:shutdownTimeout: 60000, moz:useNonSpecCompliantPointerOrigin: false, moz:webdriverClick: true, moz:windowless: false, pageLoadStrategy: normal, platformName: MAC, proxy: Proxy(), se:cdp: ws://127.0.0.1:44506/devtoo..., se:cdpVersion: 85.0, setWindowRect: true, strictFileInteractability: false, timeouts: {implicit: 0, pageLoad: 300000, script: 30000}, unhandledPromptBehavior: dismiss and notify}">
      <![CDATA[org.openqa.selenium.NoSuchSessionException: Session ID is null. Using WebDriver after calling quit()?
Build info: version: '4.8.1', revision: '8ebccac989'
System info: os.name: 'Mac OS X', os.arch: 'x86_64', os.version: '12.6.1', java.version: '1.8.0_361'
Driver info: org.openqa.selenium.firefox.FirefoxDriver
Command: [null, get {url=http://demo.guru99.com/v4/}]
Capabilities {acceptInsecureCerts: true, browserName: firefox, browserVersion: 106.0.1, moz:accessibilityChecks: false, moz:buildID: 20221019185550, moz:debuggerAddress: 127.0.0.1:44506, moz:geckodriverVersion: 0.32.2, moz:headless: false, moz:platformVersion: 21.6.0, moz:processID: 3258, moz:profile: /var/folders/7q/cpv7f9x12_5..., moz:shutdownTimeout: 60000, moz:useNonSpecCompliantPointerOrigin: false, moz:webdriverClick: true, moz:windowless: false, pageLoadStrategy: normal, platformName: MAC, proxy: Proxy(), se:cdp: ws://127.0.0.1:44506/devtoo..., se:cdpVersion: 85.0, setWindowRect: true, strictFileInteractability: false, timeouts: {implicit: 0, pageLoad: 300000, script: 30000}, unhandledPromptBehavior: dismiss and notify}
at org.openqa.selenium.remote.HttpCommandExecutor.execute(HttpCommandExecutor.java:145)
at org.openqa.selenium.remote.service.DriverCommandExecutor.invokeExecute(DriverCommandExecutor.java:167)
at org.openqa.selenium.remote.service.DriverCommandExecutor.execute(DriverCommandExecutor.java:142)
at org.openqa.selenium.remote.RemoteWebDriver.execute(RemoteWebDriver.java:543)
at org.openqa.selenium.remote.RemoteWebDriver.get(RemoteWebDriver.java:297)
at com.guru99BankingDemo.testCases.BaseClass.loginToTheApplication(BaseClass.java:113)
at com.guru99BankingDemo.testCases.AccountModuleTest.editAccountUsingValidAccountNo(AccountModuleTest.java:137)
at java.util.ArrayList.forEach(ArrayList.java:1259)
... Removed 27 stack frames]]>
    </failure>
  </testcase> <!-- editAccountUsingValidAccountNo -->
  <testcase name="resetAccountUsingValidAccountNo" time="0.006" classname="com.guru99BankingDemo.testCases.AccountModuleTest">
    <failure type="org.openqa.selenium.NoSuchSessionException" message="Session ID is null. Using WebDriver after calling quit()?
Build info: version: &amp;apos;4.8.1&amp;apos;, revision: &amp;apos;8ebccac989&amp;apos;
System info: os.name: &amp;apos;Mac OS X&amp;apos;, os.arch: &amp;apos;x86_64&amp;apos;, os.version: &amp;apos;12.6.1&amp;apos;, java.version: &amp;apos;1.8.0_361&amp;apos;
Driver info: org.openqa.selenium.firefox.FirefoxDriver
Command: [null, get {url=http://demo.guru99.com/v4/}]
Capabilities {acceptInsecureCerts: true, browserName: firefox, browserVersion: 106.0.1, moz:accessibilityChecks: false, moz:buildID: 20221019185550, moz:debuggerAddress: 127.0.0.1:44506, moz:geckodriverVersion: 0.32.2, moz:headless: false, moz:platformVersion: 21.6.0, moz:processID: 3258, moz:profile: /var/folders/7q/cpv7f9x12_5..., moz:shutdownTimeout: 60000, moz:useNonSpecCompliantPointerOrigin: false, moz:webdriverClick: true, moz:windowless: false, pageLoadStrategy: normal, platformName: MAC, proxy: Proxy(), se:cdp: ws://127.0.0.1:44506/devtoo..., se:cdpVersion: 85.0, setWindowRect: true, strictFileInteractability: false, timeouts: {implicit: 0, pageLoad: 300000, script: 30000}, unhandledPromptBehavior: dismiss and notify}">
      <![CDATA[org.openqa.selenium.NoSuchSessionException: Session ID is null. Using WebDriver after calling quit()?
Build info: version: '4.8.1', revision: '8ebccac989'
System info: os.name: 'Mac OS X', os.arch: 'x86_64', os.version: '12.6.1', java.version: '1.8.0_361'
Driver info: org.openqa.selenium.firefox.FirefoxDriver
Command: [null, get {url=http://demo.guru99.com/v4/}]
Capabilities {acceptInsecureCerts: true, browserName: firefox, browserVersion: 106.0.1, moz:accessibilityChecks: false, moz:buildID: 20221019185550, moz:debuggerAddress: 127.0.0.1:44506, moz:geckodriverVersion: 0.32.2, moz:headless: false, moz:platformVersion: 21.6.0, moz:processID: 3258, moz:profile: /var/folders/7q/cpv7f9x12_5..., moz:shutdownTimeout: 60000, moz:useNonSpecCompliantPointerOrigin: false, moz:webdriverClick: true, moz:windowless: false, pageLoadStrategy: normal, platformName: MAC, proxy: Proxy(), se:cdp: ws://127.0.0.1:44506/devtoo..., se:cdpVersion: 85.0, setWindowRect: true, strictFileInteractability: false, timeouts: {implicit: 0, pageLoad: 300000, script: 30000}, unhandledPromptBehavior: dismiss and notify}
at org.openqa.selenium.remote.HttpCommandExecutor.execute(HttpCommandExecutor.java:145)
at org.openqa.selenium.remote.service.DriverCommandExecutor.invokeExecute(DriverCommandExecutor.java:167)
at org.openqa.selenium.remote.service.DriverCommandExecutor.execute(DriverCommandExecutor.java:142)
at org.openqa.selenium.remote.RemoteWebDriver.execute(RemoteWebDriver.java:543)
at org.openqa.selenium.remote.RemoteWebDriver.get(RemoteWebDriver.java:297)
at com.guru99BankingDemo.testCases.BaseClass.loginToTheApplication(BaseClass.java:113)
at com.guru99BankingDemo.testCases.AccountModuleTest.resetAccountUsingValidAccountNo(AccountModuleTest.java:157)
at java.util.ArrayList.forEach(ArrayList.java:1259)
... Removed 27 stack frames]]>
    </failure>
  </testcase> <!-- resetAccountUsingValidAccountNo -->
  <testcase name="editAccountEntryForm" time="0.009" classname="com.guru99BankingDemo.testCases.AccountModuleTest">
    <failure type="org.openqa.selenium.NoSuchSessionException" message="Session ID is null. Using WebDriver after calling quit()?
Build info: version: &amp;apos;4.8.1&amp;apos;, revision: &amp;apos;8ebccac989&amp;apos;
System info: os.name: &amp;apos;Mac OS X&amp;apos;, os.arch: &amp;apos;x86_64&amp;apos;, os.version: &amp;apos;12.6.1&amp;apos;, java.version: &amp;apos;1.8.0_361&amp;apos;
Driver info: org.openqa.selenium.firefox.FirefoxDriver
Command: [null, get {url=http://demo.guru99.com/v4/}]
Capabilities {acceptInsecureCerts: true, browserName: firefox, browserVersion: 106.0.1, moz:accessibilityChecks: false, moz:buildID: 20221019185550, moz:debuggerAddress: 127.0.0.1:44506, moz:geckodriverVersion: 0.32.2, moz:headless: false, moz:platformVersion: 21.6.0, moz:processID: 3258, moz:profile: /var/folders/7q/cpv7f9x12_5..., moz:shutdownTimeout: 60000, moz:useNonSpecCompliantPointerOrigin: false, moz:webdriverClick: true, moz:windowless: false, pageLoadStrategy: normal, platformName: MAC, proxy: Proxy(), se:cdp: ws://127.0.0.1:44506/devtoo..., se:cdpVersion: 85.0, setWindowRect: true, strictFileInteractability: false, timeouts: {implicit: 0, pageLoad: 300000, script: 30000}, unhandledPromptBehavior: dismiss and notify}">
      <![CDATA[org.openqa.selenium.NoSuchSessionException: Session ID is null. Using WebDriver after calling quit()?
Build info: version: '4.8.1', revision: '8ebccac989'
System info: os.name: 'Mac OS X', os.arch: 'x86_64', os.version: '12.6.1', java.version: '1.8.0_361'
Driver info: org.openqa.selenium.firefox.FirefoxDriver
Command: [null, get {url=http://demo.guru99.com/v4/}]
Capabilities {acceptInsecureCerts: true, browserName: firefox, browserVersion: 106.0.1, moz:accessibilityChecks: false, moz:buildID: 20221019185550, moz:debuggerAddress: 127.0.0.1:44506, moz:geckodriverVersion: 0.32.2, moz:headless: false, moz:platformVersion: 21.6.0, moz:processID: 3258, moz:profile: /var/folders/7q/cpv7f9x12_5..., moz:shutdownTimeout: 60000, moz:useNonSpecCompliantPointerOrigin: false, moz:webdriverClick: true, moz:windowless: false, pageLoadStrategy: normal, platformName: MAC, proxy: Proxy(), se:cdp: ws://127.0.0.1:44506/devtoo..., se:cdpVersion: 85.0, setWindowRect: true, strictFileInteractability: false, timeouts: {implicit: 0, pageLoad: 300000, script: 30000}, unhandledPromptBehavior: dismiss and notify}
at org.openqa.selenium.remote.HttpCommandExecutor.execute(HttpCommandExecutor.java:145)
at org.openqa.selenium.remote.service.DriverCommandExecutor.invokeExecute(DriverCommandExecutor.java:167)
at org.openqa.selenium.remote.service.DriverCommandExecutor.execute(DriverCommandExecutor.java:142)
at org.openqa.selenium.remote.RemoteWebDriver.execute(RemoteWebDriver.java:543)
at org.openqa.selenium.remote.RemoteWebDriver.get(RemoteWebDriver.java:297)
at com.guru99BankingDemo.testCases.BaseClass.loginToTheApplication(BaseClass.java:113)
at com.guru99BankingDemo.testCases.AccountModuleTest.editAccountEntryForm(AccountModuleTest.java:176)
at java.util.ArrayList.forEach(ArrayList.java:1259)
... Removed 27 stack frames]]>
    </failure>
  </testcase> <!-- editAccountEntryForm -->
  <testcase name="resetAccountEntryForm" time="0.016" classname="com.guru99BankingDemo.testCases.AccountModuleTest">
    <failure type="org.openqa.selenium.NoSuchSessionException" message="Session ID is null. Using WebDriver after calling quit()?
Build info: version: &amp;apos;4.8.1&amp;apos;, revision: &amp;apos;8ebccac989&amp;apos;
System info: os.name: &amp;apos;Mac OS X&amp;apos;, os.arch: &amp;apos;x86_64&amp;apos;, os.version: &amp;apos;12.6.1&amp;apos;, java.version: &amp;apos;1.8.0_361&amp;apos;
Driver info: org.openqa.selenium.firefox.FirefoxDriver
Command: [null, get {url=http://demo.guru99.com/v4/}]
Capabilities {acceptInsecureCerts: true, browserName: firefox, browserVersion: 106.0.1, moz:accessibilityChecks: false, moz:buildID: 20221019185550, moz:debuggerAddress: 127.0.0.1:44506, moz:geckodriverVersion: 0.32.2, moz:headless: false, moz:platformVersion: 21.6.0, moz:processID: 3258, moz:profile: /var/folders/7q/cpv7f9x12_5..., moz:shutdownTimeout: 60000, moz:useNonSpecCompliantPointerOrigin: false, moz:webdriverClick: true, moz:windowless: false, pageLoadStrategy: normal, platformName: MAC, proxy: Proxy(), se:cdp: ws://127.0.0.1:44506/devtoo..., se:cdpVersion: 85.0, setWindowRect: true, strictFileInteractability: false, timeouts: {implicit: 0, pageLoad: 300000, script: 30000}, unhandledPromptBehavior: dismiss and notify}">
      <![CDATA[org.openqa.selenium.NoSuchSessionException: Session ID is null. Using WebDriver after calling quit()?
Build info: version: '4.8.1', revision: '8ebccac989'
System info: os.name: 'Mac OS X', os.arch: 'x86_64', os.version: '12.6.1', java.version: '1.8.0_361'
Driver info: org.openqa.selenium.firefox.FirefoxDriver
Command: [null, get {url=http://demo.guru99.com/v4/}]
Capabilities {acceptInsecureCerts: true, browserName: firefox, browserVersion: 106.0.1, moz:accessibilityChecks: false, moz:buildID: 20221019185550, moz:debuggerAddress: 127.0.0.1:44506, moz:geckodriverVersion: 0.32.2, moz:headless: false, moz:platformVersion: 21.6.0, moz:processID: 3258, moz:profile: /var/folders/7q/cpv7f9x12_5..., moz:shutdownTimeout: 60000, moz:useNonSpecCompliantPointerOrigin: false, moz:webdriverClick: true, moz:windowless: false, pageLoadStrategy: normal, platformName: MAC, proxy: Proxy(), se:cdp: ws://127.0.0.1:44506/devtoo..., se:cdpVersion: 85.0, setWindowRect: true, strictFileInteractability: false, timeouts: {implicit: 0, pageLoad: 300000, script: 30000}, unhandledPromptBehavior: dismiss and notify}
at org.openqa.selenium.remote.HttpCommandExecutor.execute(HttpCommandExecutor.java:145)
at org.openqa.selenium.remote.service.DriverCommandExecutor.invokeExecute(DriverCommandExecutor.java:167)
at org.openqa.selenium.remote.service.DriverCommandExecutor.execute(DriverCommandExecutor.java:142)
at org.openqa.selenium.remote.RemoteWebDriver.execute(RemoteWebDriver.java:543)
at org.openqa.selenium.remote.RemoteWebDriver.get(RemoteWebDriver.java:297)
at com.guru99BankingDemo.testCases.BaseClass.loginToTheApplication(BaseClass.java:113)
at com.guru99BankingDemo.testCases.AccountModuleTest.resetAccountEntryForm(AccountModuleTest.java:196)
at java.util.ArrayList.forEach(ArrayList.java:1259)
... Removed 27 stack frames]]>
    </failure>
  </testcase> <!-- resetAccountEntryForm -->
  <testcase name="editAccountUsingInvalidAccountNo" time="0.0" classname="com.guru99BankingDemo.testCases.AccountModuleTest">
    <failure type="org.testng.TestNGException" message="
Method public void com.guru99BankingDemo.testCases.AccountModuleTest.editAccountUsingInvalidAccountNo(java.lang.String) throws java.lang.InterruptedException,java.io.IOException requires a @DataProvider named : EditDeleteEnquiryAccountNoDataProvider">
      <![CDATA[org.testng.TestNGException: 
Method public void com.guru99BankingDemo.testCases.AccountModuleTest.editAccountUsingInvalidAccountNo(java.lang.String) throws java.lang.InterruptedException,java.io.IOException requires a @DataProvider named : EditDeleteEnquiryAccountNoDataProvider
at java.util.ArrayList.forEach(ArrayList.java:1259)
... Removed 24 stack frames]]>
    </failure>
  </testcase> <!-- editAccountUsingInvalidAccountNo -->
  <testcase name="verifyCustomerIdBalanceEnabled" time="0.01" classname="com.guru99BankingDemo.testCases.AccountModuleTest">
    <failure type="org.openqa.selenium.NoSuchSessionException" message="Session ID is null. Using WebDriver after calling quit()?
Build info: version: &amp;apos;4.8.1&amp;apos;, revision: &amp;apos;8ebccac989&amp;apos;
System info: os.name: &amp;apos;Mac OS X&amp;apos;, os.arch: &amp;apos;x86_64&amp;apos;, os.version: &amp;apos;12.6.1&amp;apos;, java.version: &amp;apos;1.8.0_361&amp;apos;
Driver info: org.openqa.selenium.firefox.FirefoxDriver
Command: [null, get {url=http://demo.guru99.com/v4/}]
Capabilities {acceptInsecureCerts: true, browserName: firefox, browserVersion: 106.0.1, moz:accessibilityChecks: false, moz:buildID: 20221019185550, moz:debuggerAddress: 127.0.0.1:44506, moz:geckodriverVersion: 0.32.2, moz:headless: false, moz:platformVersion: 21.6.0, moz:processID: 3258, moz:profile: /var/folders/7q/cpv7f9x12_5..., moz:shutdownTimeout: 60000, moz:useNonSpecCompliantPointerOrigin: false, moz:webdriverClick: true, moz:windowless: false, pageLoadStrategy: normal, platformName: MAC, proxy: Proxy(), se:cdp: ws://127.0.0.1:44506/devtoo..., se:cdpVersion: 85.0, setWindowRect: true, strictFileInteractability: false, timeouts: {implicit: 0, pageLoad: 300000, script: 30000}, unhandledPromptBehavior: dismiss and notify}">
      <![CDATA[org.openqa.selenium.NoSuchSessionException: Session ID is null. Using WebDriver after calling quit()?
Build info: version: '4.8.1', revision: '8ebccac989'
System info: os.name: 'Mac OS X', os.arch: 'x86_64', os.version: '12.6.1', java.version: '1.8.0_361'
Driver info: org.openqa.selenium.firefox.FirefoxDriver
Command: [null, get {url=http://demo.guru99.com/v4/}]
Capabilities {acceptInsecureCerts: true, browserName: firefox, browserVersion: 106.0.1, moz:accessibilityChecks: false, moz:buildID: 20221019185550, moz:debuggerAddress: 127.0.0.1:44506, moz:geckodriverVersion: 0.32.2, moz:headless: false, moz:platformVersion: 21.6.0, moz:processID: 3258, moz:profile: /var/folders/7q/cpv7f9x12_5..., moz:shutdownTimeout: 60000, moz:useNonSpecCompliantPointerOrigin: false, moz:webdriverClick: true, moz:windowless: false, pageLoadStrategy: normal, platformName: MAC, proxy: Proxy(), se:cdp: ws://127.0.0.1:44506/devtoo..., se:cdpVersion: 85.0, setWindowRect: true, strictFileInteractability: false, timeouts: {implicit: 0, pageLoad: 300000, script: 30000}, unhandledPromptBehavior: dismiss and notify}
at org.openqa.selenium.remote.HttpCommandExecutor.execute(HttpCommandExecutor.java:145)
at org.openqa.selenium.remote.service.DriverCommandExecutor.invokeExecute(DriverCommandExecutor.java:167)
at org.openqa.selenium.remote.service.DriverCommandExecutor.execute(DriverCommandExecutor.java:142)
at org.openqa.selenium.remote.RemoteWebDriver.execute(RemoteWebDriver.java:543)
at org.openqa.selenium.remote.RemoteWebDriver.get(RemoteWebDriver.java:297)
at com.guru99BankingDemo.testCases.BaseClass.loginToTheApplication(BaseClass.java:113)
at com.guru99BankingDemo.testCases.AccountModuleTest.verifyCustomerIdBalanceEnabled(AccountModuleTest.java:234)
at java.util.ArrayList.forEach(ArrayList.java:1259)
... Removed 27 stack frames]]>
    </failure>
  </testcase> <!-- verifyCustomerIdBalanceEnabled -->
  <testcase name="deleteAccountUsingValidAccountNo" time="0.007" classname="com.guru99BankingDemo.testCases.AccountModuleTest">
    <failure type="org.openqa.selenium.NoSuchSessionException" message="Session ID is null. Using WebDriver after calling quit()?
Build info: version: &amp;apos;4.8.1&amp;apos;, revision: &amp;apos;8ebccac989&amp;apos;
System info: os.name: &amp;apos;Mac OS X&amp;apos;, os.arch: &amp;apos;x86_64&amp;apos;, os.version: &amp;apos;12.6.1&amp;apos;, java.version: &amp;apos;1.8.0_361&amp;apos;
Driver info: org.openqa.selenium.firefox.FirefoxDriver
Command: [null, get {url=http://demo.guru99.com/v4/}]
Capabilities {acceptInsecureCerts: true, browserName: firefox, browserVersion: 106.0.1, moz:accessibilityChecks: false, moz:buildID: 20221019185550, moz:debuggerAddress: 127.0.0.1:44506, moz:geckodriverVersion: 0.32.2, moz:headless: false, moz:platformVersion: 21.6.0, moz:processID: 3258, moz:profile: /var/folders/7q/cpv7f9x12_5..., moz:shutdownTimeout: 60000, moz:useNonSpecCompliantPointerOrigin: false, moz:webdriverClick: true, moz:windowless: false, pageLoadStrategy: normal, platformName: MAC, proxy: Proxy(), se:cdp: ws://127.0.0.1:44506/devtoo..., se:cdpVersion: 85.0, setWindowRect: true, strictFileInteractability: false, timeouts: {implicit: 0, pageLoad: 300000, script: 30000}, unhandledPromptBehavior: dismiss and notify}">
      <![CDATA[org.openqa.selenium.NoSuchSessionException: Session ID is null. Using WebDriver after calling quit()?
Build info: version: '4.8.1', revision: '8ebccac989'
System info: os.name: 'Mac OS X', os.arch: 'x86_64', os.version: '12.6.1', java.version: '1.8.0_361'
Driver info: org.openqa.selenium.firefox.FirefoxDriver
Command: [null, get {url=http://demo.guru99.com/v4/}]
Capabilities {acceptInsecureCerts: true, browserName: firefox, browserVersion: 106.0.1, moz:accessibilityChecks: false, moz:buildID: 20221019185550, moz:debuggerAddress: 127.0.0.1:44506, moz:geckodriverVersion: 0.32.2, moz:headless: false, moz:platformVersion: 21.6.0, moz:processID: 3258, moz:profile: /var/folders/7q/cpv7f9x12_5..., moz:shutdownTimeout: 60000, moz:useNonSpecCompliantPointerOrigin: false, moz:webdriverClick: true, moz:windowless: false, pageLoadStrategy: normal, platformName: MAC, proxy: Proxy(), se:cdp: ws://127.0.0.1:44506/devtoo..., se:cdpVersion: 85.0, setWindowRect: true, strictFileInteractability: false, timeouts: {implicit: 0, pageLoad: 300000, script: 30000}, unhandledPromptBehavior: dismiss and notify}
at org.openqa.selenium.remote.HttpCommandExecutor.execute(HttpCommandExecutor.java:145)
at org.openqa.selenium.remote.service.DriverCommandExecutor.invokeExecute(DriverCommandExecutor.java:167)
at org.openqa.selenium.remote.service.DriverCommandExecutor.execute(DriverCommandExecutor.java:142)
at org.openqa.selenium.remote.RemoteWebDriver.execute(RemoteWebDriver.java:543)
at org.openqa.selenium.remote.RemoteWebDriver.get(RemoteWebDriver.java:297)
at com.guru99BankingDemo.testCases.BaseClass.loginToTheApplication(BaseClass.java:113)
at com.guru99BankingDemo.testCases.AccountModuleTest.deleteAccountUsingValidAccountNo(AccountModuleTest.java:252)
at java.util.ArrayList.forEach(ArrayList.java:1259)
... Removed 27 stack frames]]>
    </failure>
  </testcase> <!-- deleteAccountUsingValidAccountNo -->
  <testcase name="resetDeleteAccountForm" time="0.001" classname="com.guru99BankingDemo.testCases.AccountModuleTest">
    <failure type="org.openqa.selenium.NoSuchSessionException" message="Session ID is null. Using WebDriver after calling quit()?
Build info: version: &amp;apos;4.8.1&amp;apos;, revision: &amp;apos;8ebccac989&amp;apos;
System info: os.name: &amp;apos;Mac OS X&amp;apos;, os.arch: &amp;apos;x86_64&amp;apos;, os.version: &amp;apos;12.6.1&amp;apos;, java.version: &amp;apos;1.8.0_361&amp;apos;
Driver info: org.openqa.selenium.firefox.FirefoxDriver
Command: [null, get {url=http://demo.guru99.com/v4/}]
Capabilities {acceptInsecureCerts: true, browserName: firefox, browserVersion: 106.0.1, moz:accessibilityChecks: false, moz:buildID: 20221019185550, moz:debuggerAddress: 127.0.0.1:44506, moz:geckodriverVersion: 0.32.2, moz:headless: false, moz:platformVersion: 21.6.0, moz:processID: 3258, moz:profile: /var/folders/7q/cpv7f9x12_5..., moz:shutdownTimeout: 60000, moz:useNonSpecCompliantPointerOrigin: false, moz:webdriverClick: true, moz:windowless: false, pageLoadStrategy: normal, platformName: MAC, proxy: Proxy(), se:cdp: ws://127.0.0.1:44506/devtoo..., se:cdpVersion: 85.0, setWindowRect: true, strictFileInteractability: false, timeouts: {implicit: 0, pageLoad: 300000, script: 30000}, unhandledPromptBehavior: dismiss and notify}">
      <![CDATA[org.openqa.selenium.NoSuchSessionException: Session ID is null. Using WebDriver after calling quit()?
Build info: version: '4.8.1', revision: '8ebccac989'
System info: os.name: 'Mac OS X', os.arch: 'x86_64', os.version: '12.6.1', java.version: '1.8.0_361'
Driver info: org.openqa.selenium.firefox.FirefoxDriver
Command: [null, get {url=http://demo.guru99.com/v4/}]
Capabilities {acceptInsecureCerts: true, browserName: firefox, browserVersion: 106.0.1, moz:accessibilityChecks: false, moz:buildID: 20221019185550, moz:debuggerAddress: 127.0.0.1:44506, moz:geckodriverVersion: 0.32.2, moz:headless: false, moz:platformVersion: 21.6.0, moz:processID: 3258, moz:profile: /var/folders/7q/cpv7f9x12_5..., moz:shutdownTimeout: 60000, moz:useNonSpecCompliantPointerOrigin: false, moz:webdriverClick: true, moz:windowless: false, pageLoadStrategy: normal, platformName: MAC, proxy: Proxy(), se:cdp: ws://127.0.0.1:44506/devtoo..., se:cdpVersion: 85.0, setWindowRect: true, strictFileInteractability: false, timeouts: {implicit: 0, pageLoad: 300000, script: 30000}, unhandledPromptBehavior: dismiss and notify}
at org.openqa.selenium.remote.HttpCommandExecutor.execute(HttpCommandExecutor.java:145)
at org.openqa.selenium.remote.service.DriverCommandExecutor.invokeExecute(DriverCommandExecutor.java:167)
at org.openqa.selenium.remote.service.DriverCommandExecutor.execute(DriverCommandExecutor.java:142)
at org.openqa.selenium.remote.RemoteWebDriver.execute(RemoteWebDriver.java:543)
at org.openqa.selenium.remote.RemoteWebDriver.get(RemoteWebDriver.java:297)
at com.guru99BankingDemo.testCases.BaseClass.loginToTheApplication(BaseClass.java:113)
at com.guru99BankingDemo.testCases.AccountModuleTest.resetDeleteAccountForm(AccountModuleTest.java:274)
at java.util.ArrayList.forEach(ArrayList.java:1259)
... Removed 27 stack frames]]>
    </failure>
  </testcase> <!-- resetDeleteAccountForm -->
  <testcase name="deleteAccountUsingInvalidAccountNo" time="0.005" classname="com.guru99BankingDemo.testCases.AccountModuleTest">
    <failure type="org.openqa.selenium.NoSuchSessionException" message="Session ID is null. Using WebDriver after calling quit()?
Build info: version: &amp;apos;4.8.1&amp;apos;, revision: &amp;apos;8ebccac989&amp;apos;
System info: os.name: &amp;apos;Mac OS X&amp;apos;, os.arch: &amp;apos;x86_64&amp;apos;, os.version: &amp;apos;12.6.1&amp;apos;, java.version: &amp;apos;1.8.0_361&amp;apos;
Driver info: org.openqa.selenium.firefox.FirefoxDriver
Command: [null, get {url=http://demo.guru99.com/v4/}]
Capabilities {acceptInsecureCerts: true, browserName: firefox, browserVersion: 106.0.1, moz:accessibilityChecks: false, moz:buildID: 20221019185550, moz:debuggerAddress: 127.0.0.1:44506, moz:geckodriverVersion: 0.32.2, moz:headless: false, moz:platformVersion: 21.6.0, moz:processID: 3258, moz:profile: /var/folders/7q/cpv7f9x12_5..., moz:shutdownTimeout: 60000, moz:useNonSpecCompliantPointerOrigin: false, moz:webdriverClick: true, moz:windowless: false, pageLoadStrategy: normal, platformName: MAC, proxy: Proxy(), se:cdp: ws://127.0.0.1:44506/devtoo..., se:cdpVersion: 85.0, setWindowRect: true, strictFileInteractability: false, timeouts: {implicit: 0, pageLoad: 300000, script: 30000}, unhandledPromptBehavior: dismiss and notify}">
      <![CDATA[org.openqa.selenium.NoSuchSessionException: Session ID is null. Using WebDriver after calling quit()?
Build info: version: '4.8.1', revision: '8ebccac989'
System info: os.name: 'Mac OS X', os.arch: 'x86_64', os.version: '12.6.1', java.version: '1.8.0_361'
Driver info: org.openqa.selenium.firefox.FirefoxDriver
Command: [null, get {url=http://demo.guru99.com/v4/}]
Capabilities {acceptInsecureCerts: true, browserName: firefox, browserVersion: 106.0.1, moz:accessibilityChecks: false, moz:buildID: 20221019185550, moz:debuggerAddress: 127.0.0.1:44506, moz:geckodriverVersion: 0.32.2, moz:headless: false, moz:platformVersion: 21.6.0, moz:processID: 3258, moz:profile: /var/folders/7q/cpv7f9x12_5..., moz:shutdownTimeout: 60000, moz:useNonSpecCompliantPointerOrigin: false, moz:webdriverClick: true, moz:windowless: false, pageLoadStrategy: normal, platformName: MAC, proxy: Proxy(), se:cdp: ws://127.0.0.1:44506/devtoo..., se:cdpVersion: 85.0, setWindowRect: true, strictFileInteractability: false, timeouts: {implicit: 0, pageLoad: 300000, script: 30000}, unhandledPromptBehavior: dismiss and notify}
at org.openqa.selenium.remote.HttpCommandExecutor.execute(HttpCommandExecutor.java:145)
at org.openqa.selenium.remote.service.DriverCommandExecutor.invokeExecute(DriverCommandExecutor.java:167)
at org.openqa.selenium.remote.service.DriverCommandExecutor.execute(DriverCommandExecutor.java:142)
at org.openqa.selenium.remote.RemoteWebDriver.execute(RemoteWebDriver.java:543)
at org.openqa.selenium.remote.RemoteWebDriver.get(RemoteWebDriver.java:297)
at com.guru99BankingDemo.testCases.BaseClass.loginToTheApplication(BaseClass.java:113)
at com.guru99BankingDemo.testCases.AccountModuleTest.deleteAccountUsingInvalidAccountNo(AccountModuleTest.java:291)
at java.util.ArrayList.forEach(ArrayList.java:1259)
... Removed 27 stack frames]]>
    </failure>
  </testcase> <!-- deleteAccountUsingInvalidAccountNo -->
  <testcase name="deleteAccountUsingInvalidAccountNo" time="0.002" classname="com.guru99BankingDemo.testCases.AccountModuleTest">
    <failure type="org.openqa.selenium.NoSuchSessionException" message="Session ID is null. Using WebDriver after calling quit()?
Build info: version: &amp;apos;4.8.1&amp;apos;, revision: &amp;apos;8ebccac989&amp;apos;
System info: os.name: &amp;apos;Mac OS X&amp;apos;, os.arch: &amp;apos;x86_64&amp;apos;, os.version: &amp;apos;12.6.1&amp;apos;, java.version: &amp;apos;1.8.0_361&amp;apos;
Driver info: org.openqa.selenium.firefox.FirefoxDriver
Command: [null, get {url=http://demo.guru99.com/v4/}]
Capabilities {acceptInsecureCerts: true, browserName: firefox, browserVersion: 106.0.1, moz:accessibilityChecks: false, moz:buildID: 20221019185550, moz:debuggerAddress: 127.0.0.1:44506, moz:geckodriverVersion: 0.32.2, moz:headless: false, moz:platformVersion: 21.6.0, moz:processID: 3258, moz:profile: /var/folders/7q/cpv7f9x12_5..., moz:shutdownTimeout: 60000, moz:useNonSpecCompliantPointerOrigin: false, moz:webdriverClick: true, moz:windowless: false, pageLoadStrategy: normal, platformName: MAC, proxy: Proxy(), se:cdp: ws://127.0.0.1:44506/devtoo..., se:cdpVersion: 85.0, setWindowRect: true, strictFileInteractability: false, timeouts: {implicit: 0, pageLoad: 300000, script: 30000}, unhandledPromptBehavior: dismiss and notify}">
      <![CDATA[org.openqa.selenium.NoSuchSessionException: Session ID is null. Using WebDriver after calling quit()?
Build info: version: '4.8.1', revision: '8ebccac989'
System info: os.name: 'Mac OS X', os.arch: 'x86_64', os.version: '12.6.1', java.version: '1.8.0_361'
Driver info: org.openqa.selenium.firefox.FirefoxDriver
Command: [null, get {url=http://demo.guru99.com/v4/}]
Capabilities {acceptInsecureCerts: true, browserName: firefox, browserVersion: 106.0.1, moz:accessibilityChecks: false, moz:buildID: 20221019185550, moz:debuggerAddress: 127.0.0.1:44506, moz:geckodriverVersion: 0.32.2, moz:headless: false, moz:platformVersion: 21.6.0, moz:processID: 3258, moz:profile: /var/folders/7q/cpv7f9x12_5..., moz:shutdownTimeout: 60000, moz:useNonSpecCompliantPointerOrigin: false, moz:webdriverClick: true, moz:windowless: false, pageLoadStrategy: normal, platformName: MAC, proxy: Proxy(), se:cdp: ws://127.0.0.1:44506/devtoo..., se:cdpVersion: 85.0, setWindowRect: true, strictFileInteractability: false, timeouts: {implicit: 0, pageLoad: 300000, script: 30000}, unhandledPromptBehavior: dismiss and notify}
at org.openqa.selenium.remote.HttpCommandExecutor.execute(HttpCommandExecutor.java:145)
at org.openqa.selenium.remote.service.DriverCommandExecutor.invokeExecute(DriverCommandExecutor.java:167)
at org.openqa.selenium.remote.service.DriverCommandExecutor.execute(DriverCommandExecutor.java:142)
at org.openqa.selenium.remote.RemoteWebDriver.execute(RemoteWebDriver.java:543)
at org.openqa.selenium.remote.RemoteWebDriver.get(RemoteWebDriver.java:297)
at com.guru99BankingDemo.testCases.BaseClass.loginToTheApplication(BaseClass.java:113)
at com.guru99BankingDemo.testCases.AccountModuleTest.deleteAccountUsingInvalidAccountNo(AccountModuleTest.java:291)
at java.util.ArrayList.forEach(ArrayList.java:1259)
... Removed 27 stack frames]]>
    </failure>
  </testcase> <!-- deleteAccountUsingInvalidAccountNo -->
  <testcase name="deleteAccountUsingInvalidAccountNo" time="0.002" classname="com.guru99BankingDemo.testCases.AccountModuleTest">
    <failure type="org.openqa.selenium.NoSuchSessionException" message="Session ID is null. Using WebDriver after calling quit()?
Build info: version: &amp;apos;4.8.1&amp;apos;, revision: &amp;apos;8ebccac989&amp;apos;
System info: os.name: &amp;apos;Mac OS X&amp;apos;, os.arch: &amp;apos;x86_64&amp;apos;, os.version: &amp;apos;12.6.1&amp;apos;, java.version: &amp;apos;1.8.0_361&amp;apos;
Driver info: org.openqa.selenium.firefox.FirefoxDriver
Command: [null, get {url=http://demo.guru99.com/v4/}]
Capabilities {acceptInsecureCerts: true, browserName: firefox, browserVersion: 106.0.1, moz:accessibilityChecks: false, moz:buildID: 20221019185550, moz:debuggerAddress: 127.0.0.1:44506, moz:geckodriverVersion: 0.32.2, moz:headless: false, moz:platformVersion: 21.6.0, moz:processID: 3258, moz:profile: /var/folders/7q/cpv7f9x12_5..., moz:shutdownTimeout: 60000, moz:useNonSpecCompliantPointerOrigin: false, moz:webdriverClick: true, moz:windowless: false, pageLoadStrategy: normal, platformName: MAC, proxy: Proxy(), se:cdp: ws://127.0.0.1:44506/devtoo..., se:cdpVersion: 85.0, setWindowRect: true, strictFileInteractability: false, timeouts: {implicit: 0, pageLoad: 300000, script: 30000}, unhandledPromptBehavior: dismiss and notify}">
      <![CDATA[org.openqa.selenium.NoSuchSessionException: Session ID is null. Using WebDriver after calling quit()?
Build info: version: '4.8.1', revision: '8ebccac989'
System info: os.name: 'Mac OS X', os.arch: 'x86_64', os.version: '12.6.1', java.version: '1.8.0_361'
Driver info: org.openqa.selenium.firefox.FirefoxDriver
Command: [null, get {url=http://demo.guru99.com/v4/}]
Capabilities {acceptInsecureCerts: true, browserName: firefox, browserVersion: 106.0.1, moz:accessibilityChecks: false, moz:buildID: 20221019185550, moz:debuggerAddress: 127.0.0.1:44506, moz:geckodriverVersion: 0.32.2, moz:headless: false, moz:platformVersion: 21.6.0, moz:processID: 3258, moz:profile: /var/folders/7q/cpv7f9x12_5..., moz:shutdownTimeout: 60000, moz:useNonSpecCompliantPointerOrigin: false, moz:webdriverClick: true, moz:windowless: false, pageLoadStrategy: normal, platformName: MAC, proxy: Proxy(), se:cdp: ws://127.0.0.1:44506/devtoo..., se:cdpVersion: 85.0, setWindowRect: true, strictFileInteractability: false, timeouts: {implicit: 0, pageLoad: 300000, script: 30000}, unhandledPromptBehavior: dismiss and notify}
at org.openqa.selenium.remote.HttpCommandExecutor.execute(HttpCommandExecutor.java:145)
at org.openqa.selenium.remote.service.DriverCommandExecutor.invokeExecute(DriverCommandExecutor.java:167)
at org.openqa.selenium.remote.service.DriverCommandExecutor.execute(DriverCommandExecutor.java:142)
at org.openqa.selenium.remote.RemoteWebDriver.execute(RemoteWebDriver.java:543)
at org.openqa.selenium.remote.RemoteWebDriver.get(RemoteWebDriver.java:297)
at com.guru99BankingDemo.testCases.BaseClass.loginToTheApplication(BaseClass.java:113)
at com.guru99BankingDemo.testCases.AccountModuleTest.deleteAccountUsingInvalidAccountNo(AccountModuleTest.java:291)
at java.util.ArrayList.forEach(ArrayList.java:1259)
... Removed 27 stack frames]]>
    </failure>
  </testcase> <!-- deleteAccountUsingInvalidAccountNo -->
  <testcase name="deleteAccountUsingInvalidAccountNo" time="0.001" classname="com.guru99BankingDemo.testCases.AccountModuleTest">
    <failure type="org.openqa.selenium.NoSuchSessionException" message="Session ID is null. Using WebDriver after calling quit()?
Build info: version: &amp;apos;4.8.1&amp;apos;, revision: &amp;apos;8ebccac989&amp;apos;
System info: os.name: &amp;apos;Mac OS X&amp;apos;, os.arch: &amp;apos;x86_64&amp;apos;, os.version: &amp;apos;12.6.1&amp;apos;, java.version: &amp;apos;1.8.0_361&amp;apos;
Driver info: org.openqa.selenium.firefox.FirefoxDriver
Command: [null, get {url=http://demo.guru99.com/v4/}]
Capabilities {acceptInsecureCerts: true, browserName: firefox, browserVersion: 106.0.1, moz:accessibilityChecks: false, moz:buildID: 20221019185550, moz:debuggerAddress: 127.0.0.1:44506, moz:geckodriverVersion: 0.32.2, moz:headless: false, moz:platformVersion: 21.6.0, moz:processID: 3258, moz:profile: /var/folders/7q/cpv7f9x12_5..., moz:shutdownTimeout: 60000, moz:useNonSpecCompliantPointerOrigin: false, moz:webdriverClick: true, moz:windowless: false, pageLoadStrategy: normal, platformName: MAC, proxy: Proxy(), se:cdp: ws://127.0.0.1:44506/devtoo..., se:cdpVersion: 85.0, setWindowRect: true, strictFileInteractability: false, timeouts: {implicit: 0, pageLoad: 300000, script: 30000}, unhandledPromptBehavior: dismiss and notify}">
      <![CDATA[org.openqa.selenium.NoSuchSessionException: Session ID is null. Using WebDriver after calling quit()?
Build info: version: '4.8.1', revision: '8ebccac989'
System info: os.name: 'Mac OS X', os.arch: 'x86_64', os.version: '12.6.1', java.version: '1.8.0_361'
Driver info: org.openqa.selenium.firefox.FirefoxDriver
Command: [null, get {url=http://demo.guru99.com/v4/}]
Capabilities {acceptInsecureCerts: true, browserName: firefox, browserVersion: 106.0.1, moz:accessibilityChecks: false, moz:buildID: 20221019185550, moz:debuggerAddress: 127.0.0.1:44506, moz:geckodriverVersion: 0.32.2, moz:headless: false, moz:platformVersion: 21.6.0, moz:processID: 3258, moz:profile: /var/folders/7q/cpv7f9x12_5..., moz:shutdownTimeout: 60000, moz:useNonSpecCompliantPointerOrigin: false, moz:webdriverClick: true, moz:windowless: false, pageLoadStrategy: normal, platformName: MAC, proxy: Proxy(), se:cdp: ws://127.0.0.1:44506/devtoo..., se:cdpVersion: 85.0, setWindowRect: true, strictFileInteractability: false, timeouts: {implicit: 0, pageLoad: 300000, script: 30000}, unhandledPromptBehavior: dismiss and notify}
at org.openqa.selenium.remote.HttpCommandExecutor.execute(HttpCommandExecutor.java:145)
at org.openqa.selenium.remote.service.DriverCommandExecutor.invokeExecute(DriverCommandExecutor.java:167)
at org.openqa.selenium.remote.service.DriverCommandExecutor.execute(DriverCommandExecutor.java:142)
at org.openqa.selenium.remote.RemoteWebDriver.execute(RemoteWebDriver.java:543)
at org.openqa.selenium.remote.RemoteWebDriver.get(RemoteWebDriver.java:297)
at com.guru99BankingDemo.testCases.BaseClass.loginToTheApplication(BaseClass.java:113)
at com.guru99BankingDemo.testCases.AccountModuleTest.deleteAccountUsingInvalidAccountNo(AccountModuleTest.java:291)
at java.util.ArrayList.forEach(ArrayList.java:1259)
... Removed 27 stack frames]]>
    </failure>
  </testcase> <!-- deleteAccountUsingInvalidAccountNo -->
  <testcase name="depositUsingValidData" time="0.008" classname="com.guru99BankingDemo.testCases.AccountModuleTest">
    <failure type="org.openqa.selenium.NoSuchSessionException" message="Session ID is null. Using WebDriver after calling quit()?
Build info: version: &amp;apos;4.8.1&amp;apos;, revision: &amp;apos;8ebccac989&amp;apos;
System info: os.name: &amp;apos;Mac OS X&amp;apos;, os.arch: &amp;apos;x86_64&amp;apos;, os.version: &amp;apos;12.6.1&amp;apos;, java.version: &amp;apos;1.8.0_361&amp;apos;
Driver info: org.openqa.selenium.firefox.FirefoxDriver
Command: [null, get {url=http://demo.guru99.com/v4/}]
Capabilities {acceptInsecureCerts: true, browserName: firefox, browserVersion: 106.0.1, moz:accessibilityChecks: false, moz:buildID: 20221019185550, moz:debuggerAddress: 127.0.0.1:44506, moz:geckodriverVersion: 0.32.2, moz:headless: false, moz:platformVersion: 21.6.0, moz:processID: 3258, moz:profile: /var/folders/7q/cpv7f9x12_5..., moz:shutdownTimeout: 60000, moz:useNonSpecCompliantPointerOrigin: false, moz:webdriverClick: true, moz:windowless: false, pageLoadStrategy: normal, platformName: MAC, proxy: Proxy(), se:cdp: ws://127.0.0.1:44506/devtoo..., se:cdpVersion: 85.0, setWindowRect: true, strictFileInteractability: false, timeouts: {implicit: 0, pageLoad: 300000, script: 30000}, unhandledPromptBehavior: dismiss and notify}">
      <![CDATA[org.openqa.selenium.NoSuchSessionException: Session ID is null. Using WebDriver after calling quit()?
Build info: version: '4.8.1', revision: '8ebccac989'
System info: os.name: 'Mac OS X', os.arch: 'x86_64', os.version: '12.6.1', java.version: '1.8.0_361'
Driver info: org.openqa.selenium.firefox.FirefoxDriver
Command: [null, get {url=http://demo.guru99.com/v4/}]
Capabilities {acceptInsecureCerts: true, browserName: firefox, browserVersion: 106.0.1, moz:accessibilityChecks: false, moz:buildID: 20221019185550, moz:debuggerAddress: 127.0.0.1:44506, moz:geckodriverVersion: 0.32.2, moz:headless: false, moz:platformVersion: 21.6.0, moz:processID: 3258, moz:profile: /var/folders/7q/cpv7f9x12_5..., moz:shutdownTimeout: 60000, moz:useNonSpecCompliantPointerOrigin: false, moz:webdriverClick: true, moz:windowless: false, pageLoadStrategy: normal, platformName: MAC, proxy: Proxy(), se:cdp: ws://127.0.0.1:44506/devtoo..., se:cdpVersion: 85.0, setWindowRect: true, strictFileInteractability: false, timeouts: {implicit: 0, pageLoad: 300000, script: 30000}, unhandledPromptBehavior: dismiss and notify}
at org.openqa.selenium.remote.HttpCommandExecutor.execute(HttpCommandExecutor.java:145)
at org.openqa.selenium.remote.service.DriverCommandExecutor.invokeExecute(DriverCommandExecutor.java:167)
at org.openqa.selenium.remote.service.DriverCommandExecutor.execute(DriverCommandExecutor.java:142)
at org.openqa.selenium.remote.RemoteWebDriver.execute(RemoteWebDriver.java:543)
at org.openqa.selenium.remote.RemoteWebDriver.get(RemoteWebDriver.java:297)
at com.guru99BankingDemo.testCases.BaseClass.loginToTheApplication(BaseClass.java:113)
at com.guru99BankingDemo.testCases.AccountModuleTest.depositUsingValidData(AccountModuleTest.java:319)
at java.util.ArrayList.forEach(ArrayList.java:1259)
... Removed 27 stack frames]]>
    </failure>
  </testcase> <!-- depositUsingValidData -->
  <testcase name="resetDepositForm" time="0.024" classname="com.guru99BankingDemo.testCases.AccountModuleTest">
    <failure type="org.openqa.selenium.NoSuchSessionException" message="Session ID is null. Using WebDriver after calling quit()?
Build info: version: &amp;apos;4.8.1&amp;apos;, revision: &amp;apos;8ebccac989&amp;apos;
System info: os.name: &amp;apos;Mac OS X&amp;apos;, os.arch: &amp;apos;x86_64&amp;apos;, os.version: &amp;apos;12.6.1&amp;apos;, java.version: &amp;apos;1.8.0_361&amp;apos;
Driver info: org.openqa.selenium.firefox.FirefoxDriver
Command: [null, get {url=http://demo.guru99.com/v4/}]
Capabilities {acceptInsecureCerts: true, browserName: firefox, browserVersion: 106.0.1, moz:accessibilityChecks: false, moz:buildID: 20221019185550, moz:debuggerAddress: 127.0.0.1:44506, moz:geckodriverVersion: 0.32.2, moz:headless: false, moz:platformVersion: 21.6.0, moz:processID: 3258, moz:profile: /var/folders/7q/cpv7f9x12_5..., moz:shutdownTimeout: 60000, moz:useNonSpecCompliantPointerOrigin: false, moz:webdriverClick: true, moz:windowless: false, pageLoadStrategy: normal, platformName: MAC, proxy: Proxy(), se:cdp: ws://127.0.0.1:44506/devtoo..., se:cdpVersion: 85.0, setWindowRect: true, strictFileInteractability: false, timeouts: {implicit: 0, pageLoad: 300000, script: 30000}, unhandledPromptBehavior: dismiss and notify}">
      <![CDATA[org.openqa.selenium.NoSuchSessionException: Session ID is null. Using WebDriver after calling quit()?
Build info: version: '4.8.1', revision: '8ebccac989'
System info: os.name: 'Mac OS X', os.arch: 'x86_64', os.version: '12.6.1', java.version: '1.8.0_361'
Driver info: org.openqa.selenium.firefox.FirefoxDriver
Command: [null, get {url=http://demo.guru99.com/v4/}]
Capabilities {acceptInsecureCerts: true, browserName: firefox, browserVersion: 106.0.1, moz:accessibilityChecks: false, moz:buildID: 20221019185550, moz:debuggerAddress: 127.0.0.1:44506, moz:geckodriverVersion: 0.32.2, moz:headless: false, moz:platformVersion: 21.6.0, moz:processID: 3258, moz:profile: /var/folders/7q/cpv7f9x12_5..., moz:shutdownTimeout: 60000, moz:useNonSpecCompliantPointerOrigin: false, moz:webdriverClick: true, moz:windowless: false, pageLoadStrategy: normal, platformName: MAC, proxy: Proxy(), se:cdp: ws://127.0.0.1:44506/devtoo..., se:cdpVersion: 85.0, setWindowRect: true, strictFileInteractability: false, timeouts: {implicit: 0, pageLoad: 300000, script: 30000}, unhandledPromptBehavior: dismiss and notify}
at org.openqa.selenium.remote.HttpCommandExecutor.execute(HttpCommandExecutor.java:145)
at org.openqa.selenium.remote.service.DriverCommandExecutor.invokeExecute(DriverCommandExecutor.java:167)
at org.openqa.selenium.remote.service.DriverCommandExecutor.execute(DriverCommandExecutor.java:142)
at org.openqa.selenium.remote.RemoteWebDriver.execute(RemoteWebDriver.java:543)
at org.openqa.selenium.remote.RemoteWebDriver.get(RemoteWebDriver.java:297)
at com.guru99BankingDemo.testCases.BaseClass.loginToTheApplication(BaseClass.java:113)
at com.guru99BankingDemo.testCases.AccountModuleTest.resetDepositForm(AccountModuleTest.java:338)
at java.util.ArrayList.forEach(ArrayList.java:1259)
... Removed 27 stack frames]]>
    </failure>
  </testcase> <!-- resetDepositForm -->
  <testcase name="depositUsingInvalidData" time="0.014" classname="com.guru99BankingDemo.testCases.AccountModuleTest">
    <failure type="org.openqa.selenium.NoSuchSessionException" message="Session ID is null. Using WebDriver after calling quit()?
Build info: version: &amp;apos;4.8.1&amp;apos;, revision: &amp;apos;8ebccac989&amp;apos;
System info: os.name: &amp;apos;Mac OS X&amp;apos;, os.arch: &amp;apos;x86_64&amp;apos;, os.version: &amp;apos;12.6.1&amp;apos;, java.version: &amp;apos;1.8.0_361&amp;apos;
Driver info: org.openqa.selenium.firefox.FirefoxDriver
Command: [null, get {url=http://demo.guru99.com/v4/}]
Capabilities {acceptInsecureCerts: true, browserName: firefox, browserVersion: 106.0.1, moz:accessibilityChecks: false, moz:buildID: 20221019185550, moz:debuggerAddress: 127.0.0.1:44506, moz:geckodriverVersion: 0.32.2, moz:headless: false, moz:platformVersion: 21.6.0, moz:processID: 3258, moz:profile: /var/folders/7q/cpv7f9x12_5..., moz:shutdownTimeout: 60000, moz:useNonSpecCompliantPointerOrigin: false, moz:webdriverClick: true, moz:windowless: false, pageLoadStrategy: normal, platformName: MAC, proxy: Proxy(), se:cdp: ws://127.0.0.1:44506/devtoo..., se:cdpVersion: 85.0, setWindowRect: true, strictFileInteractability: false, timeouts: {implicit: 0, pageLoad: 300000, script: 30000}, unhandledPromptBehavior: dismiss and notify}">
      <![CDATA[org.openqa.selenium.NoSuchSessionException: Session ID is null. Using WebDriver after calling quit()?
Build info: version: '4.8.1', revision: '8ebccac989'
System info: os.name: 'Mac OS X', os.arch: 'x86_64', os.version: '12.6.1', java.version: '1.8.0_361'
Driver info: org.openqa.selenium.firefox.FirefoxDriver
Command: [null, get {url=http://demo.guru99.com/v4/}]
[...]
at java.util.ArrayList.forEach(ArrayList.java:1259)
... Removed 27 stack frames]]>
    </failure>
  </testcase> <!-- customisedStatementUsingValidData -->
  <testcase name="resetCustomisedStatementForm" time="0.001" classname="com.guru99BankingDemo.testCases.AccountModuleTest">
    <failure type="org.openqa.selenium.NoSuchSessionException" message="Session ID is null. Using WebDriver after calling quit()?
Build info: version: &amp;apos;4.8.1&amp;apos;, revision: &amp;apos;8ebccac989&amp;apos;
System info: os.name: &amp;apos;Mac OS X&amp;apos;, os.arch: &amp;apos;x86_64&amp;apos;, os.version: &amp;apos;12.6.1&amp;apos;, java.version: &amp;apos;1.8.0_361&amp;apos;
Driver info: org.openqa.selenium.firefox.FirefoxDriver
Command: [null, get {url=http://demo.guru99.com/v4/}]
Capabilities {acceptInsecureCerts: true, browserName: firefox, browserVersion: 106.0.1, moz:accessibilityChecks: false, moz:buildID: 20221019185550, moz:debuggerAddress: 127.0.0.1:44506, moz:geckodriverVersion: 0.32.2, moz:headless: false, moz:platformVersion: 21.6.0, moz:processID: 3258, moz:profile: /var/folders/7q/cpv7f9x12_5..., moz:shutdownTimeout: 60000, moz:useNonSpecCompliantPointerOrigin: false, moz:webdriverClick: true, moz:windowless: false, pageLoadStrategy: normal, platformName: MAC, proxy: Proxy(), se:cdp: ws://127.0.0.1:44506/devtoo..., se:cdpVersion: 85.0, setWindowRect: true, strictFileInteractability: false, timeouts: {implicit: 0, pageLoad: 300000, script: 30000}, unhandledPromptBehavior: dismiss and notify}">
      <![CDATA[org.openqa.selenium.NoSuchSessionException: Session ID is null. Using WebDriver after calling quit()?
Build info: version: '4.8.1', revision: '8ebccac989'
System info: os.name: 'Mac OS X', os.arch: 'x86_64', os.version: '12.6.1', java.version: '1.8.0_361'
Driver info: org.openqa.selenium.firefox.FirefoxDriver
Command: [null, get {url=http://demo.guru99.com/v4/}]
Capabilities {acceptInsecureCerts: true, browserName: firefox, browserVersion: 106.0.1, moz:accessibilityChecks: false, moz:buildID: 20221019185550, moz:debuggerAddress: 127.0.0.1:44506, moz:geckodriverVersion: 0.32.2, moz:headless: false, moz:platformVersion: 21.6.0, moz:processID: 3258, moz:profile: /var/folders/7q/cpv7f9x12_5..., moz:shutdownTimeout: 60000, moz:useNonSpecCompliantPointerOrigin: false, moz:webdriverClick: true, moz:windowless: false, pageLoadStrategy: normal, platformName: MAC, proxy: Proxy(), se:cdp: ws://127.0.0.1:44506/devtoo..., se:cdpVersion: 85.0, setWindowRect: true, strictFileInteractability: false, timeouts: {implicit: 0, pageLoad: 300000, script: 30000}, unhandledPromptBehavior: dismiss and notify}
at org.openqa.selenium.remote.HttpCommandExecutor.execute(HttpCommandExecutor.java:145)
at org.openqa.selenium.remote.service.DriverCommandExecutor.invokeExecute(DriverCommandExecutor.java:167)
at org.openqa.selenium.remote.service.DriverCommandExecutor.execute(DriverCommandExecutor.java:142)
at org.openqa.selenium.remote.RemoteWebDriver.execute(RemoteWebDriver.java:543)
at org.openqa.selenium.remote.RemoteWebDriver.get(RemoteWebDriver.java:297)
at com.guru99BankingDemo.testCases.BaseClass.loginToTheApplication(BaseClass.java:113)
at com.guru99BankingDemo.testCases.AccountModuleTest.resetCustomisedStatementForm(AccountModuleTest.java:696)
at java.util.ArrayList.forEach(ArrayList.java:1259)
... Removed 27 stack frames]]>
    </failure>
  </testcase> <!-- resetCustomisedStatementForm -->
  <testcase name="customisedStatementUsingInvalidData" time="0.024" classname="com.guru99BankingDemo.testCases.AccountModuleTest">
    <failure type="org.openqa.selenium.NoSuchSessionException" message="Session ID is null. Using WebDriver after calling quit()?
Build info: version: &amp;apos;4.8.1&amp;apos;, revision: &amp;apos;8ebccac989&amp;apos;
System info: os.name: &amp;apos;Mac OS X&amp;apos;, os.arch: &amp;apos;x86_64&amp;apos;, os.version: &amp;apos;12.6.1&amp;apos;, java.version: &amp;apos;1.8.0_361&amp;apos;
Driver info: org.openqa.selenium.firefox.FirefoxDriver
Command: [null, get {url=http://demo.guru99.com/v4/}]
Capabilities {acceptInsecureCerts: true, browserName: firefox, browserVersion: 106.0.1, moz:accessibilityChecks: false, moz:buildID: 20221019185550, moz:debuggerAddress: 127.0.0.1:44506, moz:geckodriverVersion: 0.32.2, moz:headless: false, moz:platformVersion: 21.6.0, moz:processID: 3258, moz:profile: /var/folders/7q/cpv7f9x12_5..., moz:shutdownTimeout: 60000, moz:useNonSpecCompliantPointerOrigin: false, moz:webdriverClick: true, moz:windowless: false, pageLoadStrategy: normal, platformName: MAC, proxy: Proxy(), se:cdp: ws://127.0.0.1:44506/devtoo..., se:cdpVersion: 85.0, setWindowRect: true, strictFileInteractability: false, timeouts: {implicit: 0, pageLoad: 300000, script: 30000}, unhandledPromptBehavior: dismiss and notify}">
      <![CDATA[org.openqa.selenium.NoSuchSessionException: Session ID is null. Using WebDriver after calling quit()?
Build info: version: '4.8.1', revision: '8ebccac989'
System info: os.name: 'Mac OS X', os.arch: 'x86_64', os.version: '12.6.1', java.version: '1.8.0_361'
Driver info: org.openqa.selenium.firefox.FirefoxDriver
Command: [null, get {url=http://demo.guru99.com/v4/}]
Capabilities {acceptInsecureCerts: true, browserName: firefox, browserVersion: 106.0.1, moz:accessibilityChecks: false, moz:buildID: 20221019185550, moz:debuggerAddress: 127.0.0.1:44506, moz:geckodriverVersion: 0.32.2, moz:headless: false, moz:platformVersion: 21.6.0, moz:processID: 3258, moz:profile: /var/folders/7q/cpv7f9x12_5..., moz:shutdownTimeout: 60000, moz:useNonSpecCompliantPointerOrigin: false, moz:webdriverClick: true, moz:windowless: false, pageLoadStrategy: normal, platformName: MAC, proxy: Proxy(), se:cdp: ws://127.0.0.1:44506/devtoo..., se:cdpVersion: 85.0, setWindowRect: true, strictFileInteractability: false, timeouts: {implicit: 0, pageLoad: 300000, script: 30000}, unhandledPromptBehavior: dismiss and notify}
at org.openqa.selenium.remote.HttpCommandExecutor.execute(HttpCommandExecutor.java:145)
at org.openqa.selenium.remote.service.DriverCommandExecutor.invokeExecute(DriverCommandExecutor.java:167)
at org.openqa.selenium.remote.service.DriverCommandExecutor.execute(DriverCommandExecutor.java:142)
at org.openqa.selenium.remote.RemoteWebDriver.execute(RemoteWebDriver.java:543)
at org.openqa.selenium.remote.RemoteWebDriver.get(RemoteWebDriver.java:297)
at com.guru99BankingDemo.testCases.BaseClass.loginToTheApplication(BaseClass.java:113)
at com.guru99BankingDemo.testCases.AccountModuleTest.customisedStatementUsingInvalidData(AccountModuleTest.java:717)
at java.util.ArrayList.forEach(ArrayList.java:1259)
... Removed 27 stack frames]]>
    </failure>
  </testcase> <!-- customisedStatementUsingInvalidData -->
  <testcase name="customisedStatementUsingInvalidData" time="0.002" classname="com.guru99BankingDemo.testCases.AccountModuleTest">
    <failure type="org.openqa.selenium.NoSuchSessionException" message="Session ID is null. Using WebDriver after calling quit()?
Build info: version: &amp;apos;4.8.1&amp;apos;, revision: &amp;apos;8ebccac989&amp;apos;
System info: os.name: &amp;apos;Mac OS X&amp;apos;, os.arch: &amp;apos;x86_64&amp;apos;, os.version: &amp;apos;12.6.1&amp;apos;, java.version: &amp;apos;1.8.0_361&amp;apos;
Driver info: org.openqa.selenium.firefox.FirefoxDriver
Command: [null, get {url=http://demo.guru99.com/v4/}]
Capabilities {acceptInsecureCerts: true, browserName: firefox, browserVersion: 106.0.1, moz:accessibilityChecks: false, moz:buildID: 20221019185550, moz:debuggerAddress: 127.0.0.1:44506, moz:geckodriverVersion: 0.32.2, moz:headless: false, moz:platformVersion: 21.6.0, moz:processID: 3258, moz:profile: /var/folders/7q/cpv7f9x12_5..., moz:shutdownTimeout: 60000, moz:useNonSpecCompliantPointerOrigin: false, moz:webdriverClick: true, moz:windowless: false, pageLoadStrategy: normal, platformName: MAC, proxy: Proxy(), se:cdp: ws://127.0.0.1:44506/devtoo..., se:cdpVersion: 85.0, setWindowRect: true, strictFileInteractability: false, timeouts: {implicit: 0, pageLoad: 300000, script: 30000}, unhandledPromptBehavior: dismiss and notify}">
      <![CDATA[org.openqa.selenium.NoSuchSessionException: Session ID is null. Using WebDriver after calling quit()?
Build info: version: '4.8.1', revision: '8ebccac989'
System info: os.name: 'Mac OS X', os.arch: 'x86_64', os.version: '12.6.1', java.version: '1.8.0_361'
Driver info: org.openqa.selenium.firefox.FirefoxDriver
Command: [null, get {url=http://demo.guru99.com/v4/}]
Capabilities {acceptInsecureCerts: true, browserName: firefox, browserVersion: 106.0.1, moz:accessibilityChecks: false, moz:buildID: 20221019185550, moz:debuggerAddress: 127.0.0.1:44506, moz:geckodriverVersion: 0.32.2, moz:headless: false, moz:platformVersion: 21.6.0, moz:processID: 3258, moz:profile: /var/folders/7q/cpv7f9x12_5..., moz:shutdownTimeout: 60000, moz:useNonSpecCompliantPointerOrigin: false, moz:webdriverClick: true, moz:windowless: false, pageLoadStrategy: normal, platformName: MAC, proxy: Proxy(), se:cdp: ws://127.0.0.1:44506/devtoo..., se:cdpVersion: 85.0, setWindowRect: true, strictFileInteractability: false, timeouts: {implicit: 0, pageLoad: 300000, script: 30000}, unhandledPromptBehavior: dismiss and notify}
at org.openqa.selenium.remote.HttpCommandExecutor.execute(HttpCommandExecutor.java:145)
at org.openqa.selenium.remote.service.DriverCommandExecutor.invokeExecute(DriverCommandExecutor.java:167)
at org.openqa.selenium.remote.service.DriverCommandExecutor.execute(DriverCommandExecutor.java:142)
at org.openqa.selenium.remote.RemoteWebDriver.execute(RemoteWebDriver.java:543)
at org.openqa.selenium.remote.RemoteWebDriver.get(RemoteWebDriver.java:297)
at com.guru99BankingDemo.testCases.BaseClass.loginToTheApplication(BaseClass.java:113)
at com.guru99BankingDemo.testCases.AccountModuleTest.customisedStatementUsingInvalidData(AccountModuleTest.java:717)
at java.util.ArrayList.forEach(ArrayList.java:1259)
... Removed 27 stack frames]]>
    </failure>
  </testcase> <!-- customisedStatementUsingInvalidData -->
  <testcase name="customisedStatementUsingInvalidData" time="0.003" classname="com.guru99BankingDemo.testCases.AccountModuleTest">
    <failure type="org.openqa.selenium.NoSuchSessionException" message="Session ID is null. Using WebDriver after calling quit()?
Build info: version: &amp;apos;4.8.1&amp;apos;, revision: &amp;apos;8ebccac989&amp;apos;
System info: os.name: &amp;apos;Mac OS X&amp;apos;, os.arch: &amp;apos;x86_64&amp;apos;, os.version: &amp;apos;12.6.1&amp;apos;, java.version: &amp;apos;1.8.0_361&amp;apos;
Driver info: org.openqa.selenium.firefox.FirefoxDriver
Command: [null, get {url=http://demo.guru99.com/v4/}]
Capabilities {acceptInsecureCerts: true, browserName: firefox, browserVersion: 106.0.1, moz:accessibilityChecks: false, moz:buildID: 20221019185550, moz:debuggerAddress: 127.0.0.1:44506, moz:geckodriverVersion: 0.32.2, moz:headless: false, moz:platformVersion: 21.6.0, moz:processID: 3258, moz:profile: /var/folders/7q/cpv7f9x12_5..., moz:shutdownTimeout: 60000, moz:useNonSpecCompliantPointerOrigin: false, moz:webdriverClick: true, moz:windowless: false, pageLoadStrategy: normal, platformName: MAC, proxy: Proxy(), se:cdp: ws://127.0.0.1:44506/devtoo..., se:cdpVersion: 85.0, setWindowRect: true, strictFileInteractability: false, timeouts: {implicit: 0, pageLoad: 300000, script: 30000}, unhandledPromptBehavior: dismiss and notify}">
      <![CDATA[org.openqa.selenium.NoSuchSessionException: Session ID is null. Using WebDriver after calling quit()?
Build info: version: '4.8.1', revision: '8ebccac989'
System info: os.name: 'Mac OS X', os.arch: 'x86_64', os.version: '12.6.1', java.version: '1.8.0_361'
Driver info: org.openqa.selenium.firefox.FirefoxDriver
Command: [null, get {url=http://demo.guru99.com/v4/}]
Capabilities {acceptInsecureCerts: true, browserName: firefox, browserVersion: 106.0.1, moz:accessibilityChecks: false, moz:buildID: 20221019185550, moz:debuggerAddress: 127.0.0.1:44506, moz:geckodriverVersion: 0.32.2, moz:headless: false, moz:platformVersion: 21.6.0, moz:processID: 3258, moz:profile: /var/folders/7q/cpv7f9x12_5..., moz:shutdownTimeout: 60000, moz:useNonSpecCompliantPointerOrigin: false, moz:webdriverClick: true, moz:windowless: false, pageLoadStrategy: normal, platformName: MAC, proxy: Proxy(), se:cdp: ws://127.0.0.1:44506/devtoo..., se:cdpVersion: 85.0, setWindowRect: true, strictFileInteractability: false, timeouts: {implicit: 0, pageLoad: 300000, script: 30000}, unhandledPromptBehavior: dismiss and notify}
at org.openqa.selenium.remote.HttpCommandExecutor.execute(HttpCommandExecutor.java:145)
at org.openqa.selenium.remote.service.DriverCommandExecutor.invokeExecute(DriverCommandExecutor.java:167)
at org.openqa.selenium.remote.service.DriverCommandExecutor.execute(DriverCommandExecutor.java:142)
at org.openqa.selenium.remote.RemoteWebDriver.execute(RemoteWebDriver.java:543)
at org.openqa.selenium.remote.RemoteWebDriver.get(RemoteWebDriver.java:297)
at com.guru99BankingDemo.testCases.BaseClass.loginToTheApplication(BaseClass.java:113)
at com.guru99BankingDemo.testCases.AccountModuleTest.customisedStatementUsingInvalidData(AccountModuleTest.java:717)
at java.util.ArrayList.forEach(ArrayList.java:1259)
... Removed 27 stack frames]]>
    </failure>
  </testcase> <!-- customisedStatementUsingInvalidData -->
  <testcase name="customisedStatementUsingInvalidData" time="0.001" classname="com.guru99BankingDemo.testCases.AccountModuleTest">
    <failure type="org.openqa.selenium.NoSuchSessionException" message="Session ID is null. Using WebDriver after calling quit()?
Build info: version: &amp;apos;4.8.1&amp;apos;, revision: &amp;apos;8ebccac989&amp;apos;
System info: os.name: &amp;apos;Mac OS X&amp;apos;, os.arch: &amp;apos;x86_64&amp;apos;, os.version: &amp;apos;12.6.1&amp;apos;, java.version: &amp;apos;1.8.0_361&amp;apos;
Driver info: org.openqa.selenium.firefox.FirefoxDriver
Command: [null, get {url=http://demo.guru99.com/v4/}]
Capabilities {acceptInsecureCerts: true, browserName: firefox, browserVersion: 106.0.1, moz:accessibilityChecks: false, moz:buildID: 20221019185550, moz:debuggerAddress: 127.0.0.1:44506, moz:geckodriverVersion: 0.32.2, moz:headless: false, moz:platformVersion: 21.6.0, moz:processID: 3258, moz:profile: /var/folders/7q/cpv7f9x12_5..., moz:shutdownTimeout: 60000, moz:useNonSpecCompliantPointerOrigin: false, moz:webdriverClick: true, moz:windowless: false, pageLoadStrategy: normal, platformName: MAC, proxy: Proxy(), se:cdp: ws://127.0.0.1:44506/devtoo..., se:cdpVersion: 85.0, setWindowRect: true, strictFileInteractability: false, timeouts: {implicit: 0, pageLoad: 300000, script: 30000}, unhandledPromptBehavior: dismiss and notify}">
      <![CDATA[org.openqa.selenium.NoSuchSessionException: Session ID is null. Using WebDriver after calling quit()?
Build info: version: '4.8.1', revision: '8ebccac989'
System info: os.name: 'Mac OS X', os.arch: 'x86_64', os.version: '12.6.1', java.version: '1.8.0_361'
Driver info: org.openqa.selenium.firefox.FirefoxDriver
Command: [null, get {url=http://demo.guru99.com/v4/}]
Capabilities {acceptInsecureCerts: true, browserName: firefox, browserVersion: 106.0.1, moz:accessibilityChecks: false, moz:buildID: 20221019185550, moz:debuggerAddress: 127.0.0.1:44506, moz:geckodriverVersion: 0.32.2, moz:headless: false, moz:platformVersion: 21.6.0, moz:processID: 3258, moz:profile: /var/folders/7q/cpv7f9x12_5..., moz:shutdownTimeout: 60000, moz:useNonSpecCompliantPointerOrigin: false, moz:webdriverClick: true, moz:windowless: false, pageLoadStrategy: normal, platformName: MAC, proxy: Proxy(), se:cdp: ws://127.0.0.1:44506/devtoo..., se:cdpVersion: 85.0, setWindowRect: true, strictFileInteractability: false, timeouts: {implicit: 0, pageLoad: 300000, script: 30000}, unhandledPromptBehavior: dismiss and notify}
at org.openqa.selenium.remote.HttpCommandExecutor.execute(HttpCommandExecutor.java:145)
at org.openqa.selenium.remote.service.DriverCommandExecutor.invokeExecute(DriverCommandExecutor.java:167)
at org.openqa.selenium.remote.service.DriverCommandExecutor.execute(DriverCommandExecutor.java:142)
at org.openqa.selenium.remote.RemoteWebDriver.execute(RemoteWebDriver.java:543)
at org.openqa.selenium.remote.RemoteWebDriver.get(RemoteWebDriver.java:297)
at com.guru99BankingDemo.testCases.BaseClass.loginToTheApplication(BaseClass.java:113)
at com.guru99BankingDemo.testCases.AccountModuleTest.customisedStatementUsingInvalidData(AccountModuleTest.java:717)
at java.util.ArrayList.forEach(ArrayList.java:1259)
... Removed 27 stack frames]]>
    </failure>
  </testcase> <!-- customisedStatementUsingInvalidData -->
  <testcase name="customisedStatementUsingInvalidData" time="0.002" classname="com.guru99BankingDemo.testCases.AccountModuleTest">
    <failure type="org.openqa.selenium.NoSuchSessionException" message="Session ID is null. Using WebDriver after calling quit()?
Build info: version: &amp;apos;4.8.1&amp;apos;, revision: &amp;apos;8ebccac989&amp;apos;
System info: os.name: &amp;apos;Mac OS X&amp;apos;, os.arch: &amp;apos;x86_64&amp;apos;, os.version: &amp;apos;12.6.1&amp;apos;, java.version: &amp;apos;1.8.0_361&amp;apos;
Driver info: org.openqa.selenium.firefox.FirefoxDriver
Command: [null, get {url=http://demo.guru99.com/v4/}]
Capabilities {acceptInsecureCerts: true, browserName: firefox, browserVersion: 106.0.1, moz:accessibilityChecks: false, moz:buildID: 20221019185550, moz:debuggerAddress: 127.0.0.1:44506, moz:geckodriverVersion: 0.32.2, moz:headless: false, moz:platformVersion: 21.6.0, moz:processID: 3258, moz:profile: /var/folders/7q/cpv7f9x12_5..., moz:shutdownTimeout: 60000, moz:useNonSpecCompliantPointerOrigin: false, moz:webdriverClick: true, moz:windowless: false, pageLoadStrategy: normal, platformName: MAC, proxy: Proxy(), se:cdp: ws://127.0.0.1:44506/devtoo..., se:cdpVersion: 85.0, setWindowRect: true, strictFileInteractability: false, timeouts: {implicit: 0, pageLoad: 300000, script: 30000}, unhandledPromptBehavior: dismiss and notify}">
      <![CDATA[org.openqa.selenium.NoSuchSessionException: Session ID is null. Using WebDriver after calling quit()?
Build info: version: '4.8.1', revision: '8ebccac989'
System info: os.name: 'Mac OS X', os.arch: 'x86_64', os.version: '12.6.1', java.version: '1.8.0_361'
Driver info: org.openqa.selenium.firefox.FirefoxDriver
Command: [null, get {url=http://demo.guru99.com/v4/}]
Capabilities {acceptInsecureCerts: true, browserName: firefox, browserVersion: 106.0.1, moz:accessibilityChecks: false, moz:buildID: 20221019185550, moz:debuggerAddress: 127.0.0.1:44506, moz:geckodriverVersion: 0.32.2, moz:headless: false, moz:platformVersion: 21.6.0, moz:processID: 3258, moz:profile: /var/folders/7q/cpv7f9x12_5..., moz:shutdownTimeout: 60000, moz:useNonSpecCompliantPointerOrigin: false, moz:webdriverClick: true, moz:windowless: false, pageLoadStrategy: normal, platformName: MAC, proxy: Proxy(), se:cdp: ws://127.0.0.1:44506/devtoo..., se:cdpVersion: 85.0, setWindowRect: true, strictFileInteractability: false, timeouts: {implicit: 0, pageLoad: 300000, script: 30000}, unhandledPromptBehavior: dismiss and notify}
at org.openqa.selenium.remote.HttpCommandExecutor.execute(HttpCommandExecutor.java:145)
at org.openqa.selenium.remote.service.DriverCommandExecutor.invokeExecute(DriverCommandExecutor.java:167)
at org.openqa.selenium.remote.service.DriverCommandExecutor.execute(DriverCommandExecutor.java:142)
at org.openqa.selenium.remote.RemoteWebDriver.execute(RemoteWebDriver.java:543)
at org.openqa.selenium.remote.RemoteWebDriver.get(RemoteWebDriver.java:297)
at com.guru99BankingDemo.testCases.BaseClass.loginToTheApplication(BaseClass.java:113)
at com.guru99BankingDemo.testCases.AccountModuleTest.customisedStatementUsingInvalidData(AccountModuleTest.java:717)
at java.util.ArrayList.forEach(ArrayList.java:1259)
... Removed 27 stack frames]]>
    </failure>
  </testcase> <!-- customisedStatementUsingInvalidData -->
</testsuite> <!-- Sanity Test -->
